<?xml version="1.0" encoding="UTF-8"?>
<coverage generated="1774429059199" clover="3.2.0">
  <project timestamp="1774429059199" name="All files">
    <metrics statements="513" coveredstatements="502" conditionals="329" coveredconditionals="247" methods="140" coveredmethods="137" elements="982" coveredelements="886" complexity="0" loc="513" ncloc="513" packages="1" files="9" classes="9"/>
    <file name="alerts-page.js" path="/Users/seankao/Workplace/Projects/ffxiv-universalis-alert/src/alerts-page.js">
      <metrics statements="128" coveredstatements="118" conditionals="76" coveredconditionals="44" methods="36" coveredmethods="35"/>
      <line num="1" count="1" type="stmt"/>
      <line num="2" count="1" type="cond" truecount="1" falsecount="1"/>
      <line num="3" count="1" type="cond" truecount="1" falsecount="1"/>
      <line num="4" count="1" type="cond" truecount="1" falsecount="1"/>
      <line num="5" count="1" type="cond" truecount="1" falsecount="1"/>
      <line num="6" count="1" type="cond" truecount="1" falsecount="1"/>
      <line num="8" count="21" type="cond" truecount="1" falsecount="1"/>
      <line num="9" count="1" type="cond" truecount="1" falsecount="1"/>
      <line num="10" count="20" type="cond" truecount="1" falsecount="1"/>
      <line num="11" count="2" type="cond" truecount="1" falsecount="1"/>
      <line num="12" count="24" type="cond" truecount="1" falsecount="1"/>
      <line num="15" count="6" type="stmt"/>
      <line num="16" count="6" type="stmt"/>
      <line num="17" count="6" type="stmt"/>
      <line num="18" count="6" type="stmt"/>
      <line num="19" count="6" type="cond" truecount="1" falsecount="1"/>
      <line num="21" count="6" type="stmt"/>
      <line num="25" count="14" type="cond" truecount="2" falsecount="0"/>
      <line num="26" count="14" type="stmt"/>
      <line num="27" count="14" type="stmt"/>
      <line num="28" count="14" type="stmt"/>
      <line num="29" count="14" type="cond" truecount="2" falsecount="2"/>
      <line num="30" count="14" type="cond" truecount="2" falsecount="0"/>
      <line num="35" count="16" type="stmt"/>
      <line num="36" count="16" type="cond" truecount="2" falsecount="0"/>
      <line num="38" count="16" type="stmt"/>
      <line num="40" count="16" type="stmt"/>
      <line num="41" count="20" type="cond" truecount="1" falsecount="1"/>
      <line num="44" count="16" type="stmt"/>
      <line num="45" count="16" type="stmt"/>
      <line num="46" count="16" type="stmt"/>
      <line num="48" count="16" type="stmt"/>
      <line num="49" count="14" type="cond" truecount="2" falsecount="0"/>
      <line num="50" count="20" type="cond" truecount="1" falsecount="1"/>
      <line num="51" count="14" type="stmt"/>
      <line num="63" count="16" type="stmt"/>
      <line num="78" count="16" type="stmt"/>
      <line num="79" count="5" type="stmt"/>
      <line num="80" count="5" type="stmt"/>
      <line num="81" count="5" type="stmt"/>
      <line num="82" count="5" type="cond" truecount="1" falsecount="1"/>
      <line num="84" count="5" type="cond" truecount="2" falsecount="0"/>
      <line num="85" count="3" type="stmt"/>
      <line num="86" count="3" type="stmt"/>
      <line num="87" count="3" type="stmt"/>
      <line num="88" count="3" type="stmt"/>
      <line num="89" count="5" type="stmt"/>
      <line num="90" count="5" type="stmt"/>
      <line num="92" count="2" type="cond" truecount="2" falsecount="0"/>
      <line num="93" count="1" type="stmt"/>
      <line num="96" count="1" type="stmt"/>
      <line num="97" count="1" type="stmt"/>
      <line num="98" count="1" type="stmt"/>
      <line num="99" count="1" type="stmt"/>
      <line num="101" count="1" type="stmt"/>
      <line num="102" count="1" type="stmt"/>
      <line num="103" count="2" type="cond" truecount="1" falsecount="1"/>
      <line num="106" count="2" type="cond" truecount="1" falsecount="1"/>
      <line num="109" count="2" type="stmt"/>
      <line num="110" count="2" type="stmt"/>
      <line num="112" count="1" type="stmt"/>
      <line num="113" count="1" type="stmt"/>
      <line num="115" count="1" type="stmt"/>
      <line num="116" count="1" type="stmt"/>
      <line num="117" count="1" type="stmt"/>
      <line num="118" count="1" type="cond" truecount="1" falsecount="1"/>
      <line num="121" count="1" type="stmt"/>
      <line num="122" count="1" type="stmt"/>
      <line num="123" count="1" type="cond" truecount="1" falsecount="1"/>
      <line num="124" count="1" type="cond" truecount="1" falsecount="1"/>
      <line num="126" count="1" type="stmt"/>
      <line num="132" count="1" type="stmt"/>
      <line num="133" count="1" type="stmt"/>
      <line num="134" count="2" type="stmt"/>
      <line num="135" count="1" type="stmt"/>
      <line num="136" count="1" type="stmt"/>
      <line num="137" count="2" type="cond" truecount="1" falsecount="1"/>
      <line num="139" count="1" type="stmt"/>
      <line num="140" count="1" type="stmt"/>
      <line num="141" count="1" type="cond" truecount="1" falsecount="1"/>
      <line num="142" count="1" type="stmt"/>
      <line num="143" count="1" type="stmt"/>
      <line num="145" count="1" type="stmt"/>
      <line num="146" count="1" type="stmt"/>
      <line num="147" count="1" type="cond" truecount="1" falsecount="1"/>
      <line num="148" count="1" type="stmt"/>
      <line num="155" count="16" type="stmt"/>
      <line num="159" count="6" type="stmt"/>
      <line num="160" count="6" type="stmt"/>
      <line num="161" count="6" type="stmt"/>
      <line num="162" count="14" type="stmt"/>
      <line num="163" count="14" type="stmt"/>
      <line num="165" count="12" type="stmt"/>
      <line num="166" count="12" type="stmt"/>
      <line num="169" count="5" type="stmt"/>
      <line num="170" count="12" type="cond" truecount="2" falsecount="0"/>
      <line num="172" count="5" type="stmt"/>
      <line num="177" count="3" type="stmt"/>
      <line num="178" count="3" type="cond" truecount="1" falsecount="1"/>
      <line num="181" count="3" type="stmt"/>
      <line num="184" count="3" type="stmt"/>
      <line num="185" count="3" type="cond" truecount="3" falsecount="1"/>
      <line num="189" count="3" type="stmt"/>
      <line num="190" count="3" type="stmt"/>
      <line num="192" count="1" type="stmt"/>
      <line num="194" count="2" type="stmt"/>
      <line num="195" count="1" type="stmt"/>
      <line num="198" count="2" type="stmt"/>
      <line num="201" count="3" type="cond" truecount="1" falsecount="1"/>
      <line num="202" count="3" type="stmt"/>
      <line num="203" count="3" type="stmt"/>
      <line num="207" count="0" type="stmt"/>
      <line num="208" count="0" type="stmt"/>
      <line num="210" count="0" type="stmt"/>
      <line num="211" count="0" type="cond" truecount="0" falsecount="2"/>
      <line num="212" count="0" type="cond" truecount="0" falsecount="2"/>
      <line num="213" count="0" type="stmt"/>
      <line num="215" count="0" type="stmt"/>
      <line num="217" count="0" type="stmt"/>
      <line num="218" count="0" type="stmt"/>
      <line num="221" count="0" type="stmt"/>
      <line num="226" count="2" type="stmt"/>
      <line num="227" count="2" type="stmt"/>
      <line num="228" count="2" type="stmt"/>
      <line num="229" count="2" type="stmt"/>
      <line num="230" count="2" type="stmt"/>
      <line num="233" count="1" type="stmt"/>
      <line num="236" count="1" type="cond" truecount="1" falsecount="1"/>
    </file>
    <file name="api.js" path="/Users/seankao/Workplace/Projects/ffxiv-universalis-alert/src/api.js">
      <metrics statements="13" coveredstatements="13" conditionals="10" coveredconditionals="8" methods="4" coveredmethods="4"/>
      <line num="1" count="6" type="stmt"/>
      <line num="2" count="6" type="cond" truecount="1" falsecount="1"/>
      <line num="3" count="6" type="stmt"/>
      <line num="6" count="2" type="stmt"/>
      <line num="7" count="2" type="cond" truecount="2" falsecount="0"/>
      <line num="8" count="1" type="stmt"/>
      <line num="12" count="2" type="stmt"/>
      <line num="17" count="2" type="cond" truecount="2" falsecount="0"/>
      <line num="18" count="1" type="stmt"/>
      <line num="22" count="2" type="stmt"/>
      <line num="23" count="2" type="cond" truecount="2" falsecount="0"/>
      <line num="26" count="6" type="stmt"/>
      <line num="29" count="6" type="cond" truecount="1" falsecount="1"/>
    </file>
    <file name="grouping.js" path="/Users/seankao/Workplace/Projects/ffxiv-universalis-alert/src/grouping.js">
      <metrics statements="19" coveredstatements="19" conditionals="10" coveredconditionals="8" methods="3" coveredmethods="3"/>
      <line num="1" count="6" type="stmt"/>
      <line num="2" count="6" type="stmt"/>
      <line num="5" count="63" type="stmt"/>
      <line num="6" count="63" type="stmt"/>
      <line num="7" count="63" type="cond" truecount="2" falsecount="0"/>
      <line num="9" count="61" type="stmt"/>
      <line num="10" count="61" type="stmt"/>
      <line num="11" count="244" type="stmt"/>
      <line num="13" count="61" type="stmt"/>
      <line num="17" count="35" type="stmt"/>
      <line num="19" count="35" type="stmt"/>
      <line num="20" count="43" type="stmt"/>
      <line num="22" count="43" type="cond" truecount="2" falsecount="0"/>
      <line num="26" count="43" type="cond" truecount="2" falsecount="0"/>
      <line num="27" count="32" type="stmt"/>
      <line num="36" count="43" type="stmt"/>
      <line num="43" count="35" type="stmt"/>
      <line num="46" count="6" type="stmt"/>
      <line num="49" count="6" type="cond" truecount="1" falsecount="1"/>
    </file>
    <file name="init.js" path="/Users/seankao/Workplace/Projects/ffxiv-universalis-alert/src/init.js">
      <metrics statements="18" coveredstatements="18" conditionals="10" coveredconditionals="9" methods="5" coveredmethods="5"/>
      <line num="1" count="11" type="stmt"/>
      <line num="3" count="39" type="cond" truecount="2" falsecount="0"/>
      <line num="4" count="13" type="cond" truecount="2" falsecount="0"/>
      <line num="5" count="12" type="stmt"/>
      <line num="7" count="26" type="cond" truecount="2" falsecount="0"/>
      <line num="8" count="2" type="stmt"/>
      <line num="13" count="11" type="stmt"/>
      <line num="15" count="11" type="stmt"/>
      <line num="16" count="76" type="stmt"/>
      <line num="17" count="76" type="cond" truecount="2" falsecount="0"/>
      <line num="18" count="26" type="stmt"/>
      <line num="19" count="26" type="stmt"/>
      <line num="22" count="11" type="stmt"/>
      <line num="26" count="11" type="stmt"/>
      <line num="27" count="11" type="stmt"/>
      <line num="30" count="11" type="stmt"/>
      <line num="32" count="11" type="stmt"/>
      <line num="35" count="11" type="cond" truecount="1" falsecount="1"/>
    </file>
    <file name="market-page.js" path="/Users/seankao/Workplace/Projects/ffxiv-universalis-alert/src/market-page.js">
      <metrics statements="48" coveredstatements="48" conditionals="40" coveredconditionals="27" methods="16" coveredmethods="16"/>
      <line num="1" count="1" type="stmt"/>
      <line num="2" count="1" type="cond" truecount="1" falsecount="1"/>
      <line num="3" count="1" type="cond" truecount="1" falsecount="1"/>
      <line num="4" count="1" type="cond" truecount="1" falsecount="1"/>
      <line num="5" count="1" type="cond" truecount="1" falsecount="1"/>
      <line num="7" count="10" type="cond" truecount="1" falsecount="1"/>
      <line num="8" count="7" type="cond" truecount="1" falsecount="1"/>
      <line num="9" count="7" type="cond" truecount="1" falsecount="1"/>
      <line num="10" count="5" type="cond" truecount="1" falsecount="1"/>
      <line num="13" count="14" type="stmt"/>
      <line num="17" count="2" type="stmt"/>
      <line num="18" count="2" type="cond" truecount="2" falsecount="0"/>
      <line num="22" count="10" type="cond" truecount="2" falsecount="0"/>
      <line num="24" count="8" type="stmt"/>
      <line num="25" count="8" type="stmt"/>
      <line num="26" count="8" type="stmt"/>
      <line num="27" count="8" type="stmt"/>
      <line num="29" count="8" type="stmt"/>
      <line num="31" count="8" type="stmt"/>
      <line num="32" count="8" type="cond" truecount="2" falsecount="0"/>
      <line num="33" count="7" type="stmt"/>
      <line num="35" count="1" type="stmt"/>
      <line num="41" count="10" type="stmt"/>
      <line num="42" count="10" type="stmt"/>
      <line num="45" count="3" type="cond" truecount="2" falsecount="0"/>
      <line num="46" count="3" type="stmt"/>
      <line num="47" count="3" type="stmt"/>
      <line num="48" count="3" type="stmt"/>
      <line num="49" count="3" type="stmt"/>
      <line num="50" count="3" type="cond" truecount="1" falsecount="1"/>
      <line num="51" count="3" type="stmt"/>
      <line num="54" count="7" type="stmt"/>
      <line num="55" count="7" type="stmt"/>
      <line num="56" count="7" type="stmt"/>
      <line num="57" count="5" type="cond" truecount="1" falsecount="1"/>
      <line num="60" count="7" type="stmt"/>
      <line num="65" count="6" type="cond" truecount="2" falsecount="0"/>
      <line num="66" count="4" type="stmt"/>
      <line num="67" count="4" type="cond" truecount="2" falsecount="0"/>
      <line num="68" count="3" type="stmt"/>
      <line num="69" count="3" type="cond" truecount="1" falsecount="1"/>
      <line num="70" count="3" type="stmt"/>
      <line num="73" count="4" type="cond" truecount="2" falsecount="0"/>
      <line num="76" count="2" type="stmt"/>
      <line num="77" count="2" type="cond" truecount="1" falsecount="1"/>
      <line num="79" count="2" type="stmt"/>
      <line num="82" count="1" type="stmt"/>
      <line num="85" count="1" type="cond" truecount="1" falsecount="1"/>
    </file>
    <file name="modal.js" path="/Users/seankao/Workplace/Projects/ffxiv-universalis-alert/src/modal.js">
      <metrics statements="195" coveredstatements="194" conditionals="117" coveredconditionals="94" methods="53" coveredmethods="52"/>
      <line num="1" count="4" type="stmt"/>
      <line num="2" count="4" type="cond" truecount="1" falsecount="1"/>
      <line num="4" count="4" type="cond" truecount="1" falsecount="1"/>
      <line num="5" count="4" type="cond" truecount="1" falsecount="1"/>
      <line num="6" count="4" type="cond" truecount="1" falsecount="1"/>
      <line num="8" count="12" type="cond" truecount="1" falsecount="1"/>
      <line num="9" count="3" type="cond" truecount="1" falsecount="1"/>
      <line num="10" count="2" type="cond" truecount="1" falsecount="1"/>
      <line num="12" count="4" type="stmt"/>
      <line num="13" count="4" type="stmt"/>
      <line num="14" count="4" type="stmt"/>
      <line num="15" count="4" type="stmt"/>
      <line num="18" count="8" type="stmt"/>
      <line num="19" count="8" type="stmt"/>
      <line num="20" count="8" type="stmt"/>
      <line num="21" count="8" type="stmt"/>
      <line num="22" count="8" type="stmt"/>
      <line num="23" count="8" type="stmt"/>
      <line num="32" count="37" type="cond" truecount="2" falsecount="0"/>
      <line num="33" count="37" type="stmt"/>
      <line num="34" count="37" type="stmt"/>
      <line num="35" count="37" type="stmt"/>
      <line num="36" count="37" type="cond" truecount="2" falsecount="2"/>
      <line num="37" count="37" type="cond" truecount="2" falsecount="0"/>
      <line num="41" count="46" type="cond" truecount="2" falsecount="0"/>
      <line num="42" count="46" type="cond" truecount="2" falsecount="0"/>
      <line num="43" count="46" type="stmt"/>
      <line num="44" count="46" type="stmt"/>
      <line num="45" count="46" type="stmt"/>
      <line num="48" count="46" type="cond" truecount="2" falsecount="0"/>
      <line num="49" count="46" type="cond" truecount="2" falsecount="0"/>
      <line num="50" count="46" type="cond" truecount="2" falsecount="0"/>
      <line num="52" count="46" type="stmt"/>
      <line num="53" count="46" type="stmt"/>
      <line num="54" count="368" type="cond" truecount="2" falsecount="0"/>
      <line num="55" count="368" type="stmt"/>
      <line num="62" count="46" type="cond" truecount="2" falsecount="0"/>
      <line num="67" count="46" type="cond" truecount="2" falsecount="0"/>
      <line num="71" count="46" type="stmt"/>
      <line num="88" count="138" type="cond" truecount="2" falsecount="0"/>
      <line num="91" count="138" type="cond" truecount="2" falsecount="0"/>
      <line num="94" count="92" type="cond" truecount="4" falsecount="0"/>
      <line num="121" count="46" type="stmt"/>
      <line num="122" count="46" type="stmt"/>
      <line num="123" count="46" type="stmt"/>
      <line num="124" count="46" type="stmt"/>
      <line num="125" count="46" type="stmt"/>
      <line num="128" count="46" type="stmt"/>
      <line num="129" count="2" type="stmt"/>
      <line num="132" count="46" type="stmt"/>
      <line num="133" count="8" type="stmt"/>
      <line num="135" count="46" type="stmt"/>
      <line num="136" count="24" type="stmt"/>
      <line num="138" count="46" type="stmt"/>
      <line num="140" count="46" type="cond" truecount="2" falsecount="0"/>
      <line num="141" count="8" type="stmt"/>
      <line num="142" count="5" type="stmt"/>
      <line num="143" count="5" type="stmt"/>
      <line num="147" count="46" type="stmt"/>
      <line num="148" count="8" type="stmt"/>
      <line num="149" count="8" type="stmt"/>
      <line num="150" count="8" type="stmt"/>
      <line num="151" count="8" type="stmt"/>
      <line num="153" count="8" type="stmt"/>
      <line num="154" count="8" type="stmt"/>
      <line num="155" count="57" type="stmt"/>
      <line num="157" count="8" type="stmt"/>
      <line num="158" count="8" type="stmt"/>
      <line num="160" count="8" type="stmt"/>
      <line num="162" count="8" type="stmt"/>
      <line num="163" count="4" type="stmt"/>
      <line num="164" count="4" type="cond" truecount="2" falsecount="0"/>
      <line num="165" count="2" type="stmt"/>
      <line num="166" count="2" type="cond" truecount="2" falsecount="0"/>
      <line num="167" count="1" type="stmt"/>
      <line num="169" count="1" type="stmt"/>
      <line num="173" count="8" type="stmt"/>
      <line num="174" count="8" type="stmt"/>
      <line num="176" count="1" type="stmt"/>
      <line num="177" count="1" type="stmt"/>
      <line num="178" count="1" type="stmt"/>
      <line num="179" count="1" type="stmt"/>
      <line num="180" count="1" type="stmt"/>
      <line num="186" count="34" type="stmt"/>
      <line num="187" count="34" type="stmt"/>
      <line num="188" count="47" type="cond" truecount="1" falsecount="1"/>
      <line num="190" count="34" type="stmt"/>
      <line num="205" count="34" type="stmt"/>
      <line num="218" count="34" type="cond" truecount="2" falsecount="0"/>
      <line num="219" count="9" type="stmt"/>
      <line num="221" count="34" type="stmt"/>
      <line num="222" count="27" type="stmt"/>
      <line num="223" count="27" type="cond" truecount="2" falsecount="0"/>
      <line num="224" count="26" type="cond" truecount="2" falsecount="0"/>
      <line num="225" count="18" type="stmt"/>
      <line num="226" count="18" type="stmt"/>
      <line num="227" count="18" type="cond" truecount="2" falsecount="0"/>
      <line num="228" count="12" type="cond" truecount="2" falsecount="0"/>
      <line num="229" count="12" type="cond" truecount="2" falsecount="0"/>
      <line num="231" count="34" type="stmt"/>
      <line num="232" count="34" type="stmt"/>
      <line num="236" count="12" type="stmt"/>
      <line num="238" count="12" type="stmt"/>
      <line num="239" count="12" type="stmt"/>
      <line num="240" count="12" type="stmt"/>
      <line num="242" count="12" type="stmt"/>
      <line num="243" count="12" type="stmt"/>
      <line num="244" count="12" type="stmt"/>
      <line num="245" count="12" type="stmt"/>
      <line num="248" count="12" type="cond" truecount="1" falsecount="1"/>
      <line num="249" count="12" type="stmt"/>
      <line num="250" count="12" type="stmt"/>
      <line num="253" count="19" type="cond" truecount="2" falsecount="0"/>
      <line num="258" count="17" type="stmt"/>
      <line num="259" count="17" type="stmt"/>
      <line num="261" count="1" type="stmt"/>
      <line num="263" count="3" type="stmt"/>
      <line num="265" count="3" type="stmt"/>
      <line num="268" count="7" type="stmt"/>
      <line num="269" count="1" type="stmt"/>
      <line num="274" count="12" type="stmt"/>
      <line num="275" count="12" type="cond" truecount="2" falsecount="0"/>
      <line num="277" count="12" type="stmt"/>
      <line num="278" count="1" type="stmt"/>
      <line num="279" count="1" type="stmt"/>
      <line num="280" count="2" type="stmt"/>
      <line num="281" count="1" type="stmt"/>
      <line num="282" count="1" type="stmt"/>
      <line num="283" count="2" type="cond" truecount="1" falsecount="1"/>
      <line num="287" count="1" type="stmt"/>
      <line num="288" count="1" type="cond" truecount="1" falsecount="1"/>
      <line num="289" count="1" type="cond" truecount="1" falsecount="1"/>
      <line num="290" count="0" type="cond" truecount="0" falsecount="2"/>
      <line num="293" count="1" type="stmt"/>
      <line num="294" count="1" type="stmt"/>
      <line num="297" count="1" type="stmt"/>
      <line num="298" count="2" type="stmt"/>
      <line num="299" count="1" type="stmt"/>
      <line num="300" count="1" type="stmt"/>
      <line num="301" count="2" type="cond" truecount="1" falsecount="1"/>
      <line num="303" count="1" type="stmt"/>
      <line num="306" count="12" type="stmt"/>
      <line num="310" count="12" type="cond" truecount="2" falsecount="0"/>
      <line num="311" count="1" type="stmt"/>
      <line num="313" count="11" type="stmt"/>
      <line num="318" count="34" type="stmt"/>
      <line num="319" count="34" type="stmt"/>
      <line num="320" count="34" type="stmt"/>
      <line num="322" count="34" type="stmt"/>
      <line num="323" count="34" type="stmt"/>
      <line num="324" count="34" type="stmt"/>
      <line num="326" count="34" type="stmt"/>
      <line num="329" count="34" type="stmt"/>
      <line num="330" count="25" type="cond" truecount="1" falsecount="1"/>
      <line num="332" count="34" type="stmt"/>
      <line num="333" count="34" type="stmt"/>
      <line num="336" count="34" type="stmt"/>
      <line num="337" count="13" type="cond" truecount="2" falsecount="0"/>
      <line num="340" count="34" type="stmt"/>
      <line num="341" count="7" type="stmt"/>
      <line num="342" count="6" type="stmt"/>
      <line num="345" count="34" type="stmt"/>
      <line num="349" count="54" type="stmt"/>
      <line num="350" count="54" type="cond" truecount="2" falsecount="0"/>
      <line num="351" count="14" type="cond" truecount="1" falsecount="1"/>
      <line num="352" count="14" type="stmt"/>
      <line num="354" count="14" type="stmt"/>
      <line num="359" count="8" type="stmt"/>
      <line num="360" count="8" type="stmt"/>
      <line num="361" count="8" type="stmt"/>
      <line num="362" count="8" type="stmt"/>
      <line num="363" count="8" type="stmt"/>
      <line num="365" count="8" type="stmt"/>
      <line num="366" count="10" type="stmt"/>
      <line num="367" count="10" type="stmt"/>
      <line num="369" count="9" type="stmt"/>
      <line num="370" count="9" type="stmt"/>
      <line num="371" count="9" type="stmt"/>
      <line num="375" count="7" type="stmt"/>
      <line num="376" count="9" type="cond" truecount="2" falsecount="0"/>
      <line num="379" count="7" type="cond" truecount="2" falsecount="0"/>
      <line num="380" count="5" type="stmt"/>
      <line num="381" count="5" type="cond" truecount="1" falsecount="1"/>
      <line num="383" count="5" type="cond" truecount="1" falsecount="1"/>
      <line num="384" count="5" type="stmt"/>
      <line num="387" count="2" type="stmt"/>
      <line num="388" count="2" type="stmt"/>
      <line num="389" count="2" type="stmt"/>
      <line num="390" count="2" type="stmt"/>
      <line num="392" count="2" type="stmt"/>
      <line num="393" count="2" type="stmt"/>
      <line num="394" count="2" type="stmt"/>
      <line num="395" count="2" type="cond" truecount="1" falsecount="1"/>
      <line num="400" count="4" type="stmt"/>
      <line num="403" count="4" type="cond" truecount="1" falsecount="1"/>
    </file>
    <file name="rate-limit.js" path="/Users/seankao/Workplace/Projects/ffxiv-universalis-alert/src/rate-limit.js">
      <metrics statements="32" coveredstatements="32" conditionals="17" coveredconditionals="15" methods="9" coveredmethods="8"/>
      <line num="1" count="7" type="stmt"/>
      <line num="2" count="7" type="stmt"/>
      <line num="3" count="7" type="stmt"/>
      <line num="4" count="7" type="stmt"/>
      <line num="6" count="7" type="stmt"/>
      <line num="7" count="7" type="stmt"/>
      <line num="14" count="17" type="stmt"/>
      <line num="15" count="17" type="stmt"/>
      <line num="16" count="17" type="stmt"/>
      <line num="17" count="17" type="cond" truecount="2" falsecount="0"/>
      <line num="18" count="2" type="stmt"/>
      <line num="21" count="17" type="stmt"/>
      <line num="22" count="22" type="stmt"/>
      <line num="23" count="21" type="stmt"/>
      <line num="25" count="21" type="cond" truecount="2" falsecount="0"/>
      <line num="27" count="6" type="cond" truecount="2" falsecount="0"/>
      <line num="28" count="5" type="stmt"/>
      <line num="29" count="5" type="cond" truecount="2" falsecount="0"/>
      <line num="30" count="5" type="stmt"/>
      <line num="35" count="1" type="stmt"/>
      <line num="36" count="1" type="stmt"/>
      <line num="40" count="17" type="stmt"/>
      <line num="41" count="17" type="stmt"/>
      <line num="45" count="5" type="cond" truecount="3" falsecount="0"/>
      <line num="46" count="5" type="cond" truecount="2" falsecount="0"/>
      <line num="47" count="2" type="stmt"/>
      <line num="48" count="2" type="cond" truecount="1" falsecount="1"/>
      <line num="52" count="7" type="stmt"/>
      <line num="57" count="14" type="stmt"/>
      <line num="58" count="14" type="stmt"/>
      <line num="61" count="7" type="stmt"/>
      <line num="64" count="7" type="cond" truecount="1" falsecount="1"/>
    </file>
    <file name="save-ops.js" path="/Users/seankao/Workplace/Projects/ffxiv-universalis-alert/src/save-ops.js">
      <metrics statements="55" coveredstatements="55" conditionals="45" coveredconditionals="39" methods="11" coveredmethods="11"/>
      <line num="1" count="5" type="stmt"/>
      <line num="4" count="5" type="cond" truecount="1" falsecount="1"/>
      <line num="5" count="5" type="cond" truecount="1" falsecount="1"/>
      <line num="14" count="6" type="stmt"/>
      <line num="15" count="6" type="stmt"/>
      <line num="17" count="6" type="stmt"/>
      <line num="18" count="6" type="cond" truecount="2" falsecount="0"/>
      <line num="19" count="5" type="stmt"/>
      <line num="20" count="5" type="stmt"/>
      <line num="24" count="6" type="stmt"/>
      <line num="26" count="6" type="stmt"/>
      <line num="27" count="48" type="stmt"/>
      <line num="28" count="48" type="stmt"/>
      <line num="30" count="48" type="cond" truecount="4" falsecount="0"/>
      <line num="32" count="4" type="stmt"/>
      <line num="33" count="44" type="cond" truecount="4" falsecount="0"/>
      <line num="35" count="1" type="cond" truecount="1" falsecount="1"/>
      <line num="36" count="43" type="cond" truecount="4" falsecount="0"/>
      <line num="37" count="4" type="stmt"/>
      <line num="38" count="4" type="stmt"/>
      <line num="39" count="4" type="stmt"/>
      <line num="40" count="4" type="cond" truecount="4" falsecount="0"/>
      <line num="42" count="2" type="stmt"/>
      <line num="43" count="2" type="cond" truecount="1" falsecount="1"/>
      <line num="49" count="6" type="stmt"/>
      <line num="62" count="11" type="cond" truecount="2" falsecount="0"/>
      <line num="63" count="9" type="stmt"/>
      <line num="64" count="9" type="stmt"/>
      <line num="65" count="9" type="stmt"/>
      <line num="67" count="18" type="stmt"/>
      <line num="68" count="18" type="stmt"/>
      <line num="77" count="18" type="stmt"/>
      <line num="78" count="18" type="stmt"/>
      <line num="83" count="9" type="stmt"/>
      <line num="84" count="18" type="cond" truecount="2" falsecount="0"/>
      <line num="85" count="18" type="stmt"/>
      <line num="86" count="9" type="cond" truecount="2" falsecount="0"/>
      <line num="87" count="7" type="cond" truecount="2" falsecount="0"/>
      <line num="88" count="4" type="stmt"/>
      <line num="92" count="7" type="cond" truecount="2" falsecount="0"/>
      <line num="93" count="6" type="stmt"/>
      <line num="94" count="6" type="stmt"/>
      <line num="95" count="6" type="stmt"/>
      <line num="97" count="8" type="stmt"/>
      <line num="98" count="8" type="stmt"/>
      <line num="100" count="8" type="stmt"/>
      <line num="101" count="8" type="stmt"/>
      <line num="105" count="6" type="stmt"/>
      <line num="106" count="8" type="cond" truecount="2" falsecount="0"/>
      <line num="107" count="8" type="stmt"/>
      <line num="108" count="6" type="cond" truecount="2" falsecount="0"/>
      <line num="109" count="2" type="cond" truecount="1" falsecount="1"/>
      <line num="110" count="2" type="stmt"/>
      <line num="115" count="5" type="stmt"/>
      <line num="118" count="5" type="cond" truecount="1" falsecount="1"/>
    </file>
    <file name="worldmap.js" path="/Users/seankao/Workplace/Projects/ffxiv-universalis-alert/src/worldmap.js">
      <metrics statements="5" coveredstatements="5" conditionals="4" coveredconditionals="3" methods="3" coveredmethods="3"/>
      <line num="1" count="6" type="stmt"/>
      <line num="2" count="6" type="stmt"/>
      <line num="14" count="117" type="cond" truecount="2" falsecount="0"/>
      <line num="17" count="6" type="stmt"/>
      <line num="20" count="6" type="cond" truecount="1" falsecount="1"/>
    </file>
  </project>
</coverage>
