{"/Users/seankao/Workplace/Projects/ffxiv-universalis-alert/src/alerts-page.js": {"path":"/Users/seankao/Workplace/Projects/ffxiv-universalis-alert/src/alerts-page.js","statementMap":{"0":{"start":{"line":1,"column":19},"end":{"line":234,"column":4}},"1":{"start":{"line":2,"column":21},"end":{"line":2,"column":76}},"2":{"start":{"line":3,"column":23},"end":{"line":3,"column":80}},"3":{"start":{"line":4,"column":26},"end":{"line":4,"column":86}},"4":{"start":{"line":5,"column":25},"end":{"line":5,"column":85}},"5":{"start":{"line":6,"column":26},"end":{"line":6,"column":86}},"6":{"start":{"line":8,"column":20},"end":{"line":8,"column":73}},"7":{"start":{"line":9,"column":22},"end":{"line":9,"column":81}},"8":{"start":{"line":10,"column":25},"end":{"line":10,"column":93}},"9":{"start":{"line":11,"column":24},"end":{"line":11,"column":89}},"10":{"start":{"line":12,"column":25},"end":{"line":12,"column":93}},"11":{"start":{"line":15,"column":16},"end":{"line":15,"column":25}},"12":{"start":{"line":16,"column":4},"end":{"line":20,"column":7}},"13":{"start":{"line":17,"column":20},"end":{"line":17,"column":53}},"14":{"start":{"line":18,"column":21},"end":{"line":18,"column":37}},"15":{"start":{"line":19,"column":6},"end":{"line":19,"column":64}},"16":{"start":{"line":19,"column":26},"end":{"line":19,"column":64}},"17":{"start":{"line":21,"column":4},"end":{"line":21,"column":15}},"18":{"start":{"line":25,"column":23},"end":{"line":25,"column":61}},"19":{"start":{"line":26,"column":19},"end":{"line":26,"column":80}},"20":{"start":{"line":27,"column":25},"end":{"line":27,"column":92}},"21":{"start":{"line":28,"column":26},"end":{"line":28,"column":65}},"22":{"start":{"line":29,"column":18},"end":{"line":29,"column":146}},"23":{"start":{"line":30,"column":4},"end":{"line":30,"column":153}},"24":{"start":{"line":35,"column":21},"end":{"line":35,"column":64}},"25":{"start":{"line":36,"column":4},"end":{"line":36,"column":36}},"26":{"start":{"line":36,"column":18},"end":{"line":36,"column":36}},"27":{"start":{"line":38,"column":19},"end":{"line":38,"column":50}},"28":{"start":{"line":40,"column":4},"end":{"line":42,"column":7}},"29":{"start":{"line":41,"column":6},"end":{"line":41,"column":109}},"30":{"start":{"line":41,"column":36},"end":{"line":41,"column":106}},"31":{"start":{"line":44,"column":18},"end":{"line":44,"column":47}},"32":{"start":{"line":45,"column":4},"end":{"line":45,"column":34}},"33":{"start":{"line":46,"column":4},"end":{"line":46,"column":75}},"34":{"start":{"line":48,"column":17},"end":{"line":61,"column":15}},"35":{"start":{"line":49,"column":23},"end":{"line":49,"column":90}},"36":{"start":{"line":50,"column":25},"end":{"line":50,"column":183}},"37":{"start":{"line":50,"column":43},"end":{"line":50,"column":173}},"38":{"start":{"line":51,"column":6},"end":{"line":60,"column":15}},"39":{"start":{"line":63,"column":4},"end":{"line":75,"column":16}},"40":{"start":{"line":78,"column":4},"end":{"line":152,"column":7}},"41":{"start":{"line":79,"column":21},"end":{"line":79,"column":44}},"42":{"start":{"line":80,"column":18},"end":{"line":80,"column":51}},"43":{"start":{"line":81,"column":20},"end":{"line":81,"column":31}},"44":{"start":{"line":82,"column":6},"end":{"line":82,"column":25}},"45":{"start":{"line":82,"column":18},"end":{"line":82,"column":25}},"46":{"start":{"line":84,"column":6},"end":{"line":151,"column":7}},"47":{"start":{"line":85,"column":8},"end":{"line":85,"column":33}},"48":{"start":{"line":86,"column":8},"end":{"line":86,"column":46}},"49":{"start":{"line":87,"column":8},"end":{"line":87,"column":39}},"50":{"start":{"line":88,"column":29},"end":{"line":91,"column":10}},"51":{"start":{"line":89,"column":10},"end":{"line":89,"column":69}},"52":{"start":{"line":90,"column":10},"end":{"line":90,"column":39}},"53":{"start":{"line":92,"column":8},"end":{"line":105,"column":9}},"54":{"start":{"line":93,"column":10},"end":{"line":93,"column":42}},"55":{"start":{"line":96,"column":10},"end":{"line":96,"column":34}},"56":{"start":{"line":97,"column":10},"end":{"line":97,"column":72}},"57":{"start":{"line":98,"column":10},"end":{"line":98,"column":36}},"58":{"start":{"line":99,"column":10},"end":{"line":99,"column":39}},"59":{"start":{"line":101,"column":28},"end":{"line":101,"column":83}},"60":{"start":{"line":102,"column":10},"end":{"line":104,"column":22}},"61":{"start":{"line":103,"column":22},"end":{"line":103,"column":152}},"62":{"start":{"line":106,"column":13},"end":{"line":151,"column":7}},"63":{"start":{"line":109,"column":8},"end":{"line":114,"column":9}},"64":{"start":{"line":110,"column":10},"end":{"line":110,"column":49}},"65":{"start":{"line":112,"column":10},"end":{"line":112,"column":65}},"66":{"start":{"line":113,"column":10},"end":{"line":113,"column":17}},"67":{"start":{"line":115,"column":32},"end":{"line":115,"column":82}},"68":{"start":{"line":115,"column":56},"end":{"line":115,"column":81}},"69":{"start":{"line":116,"column":28},"end":{"line":116,"column":68}},"70":{"start":{"line":117,"column":8},"end":{"line":119,"column":11}},"71":{"start":{"line":118,"column":10},"end":{"line":118,"column":113}},"72":{"start":{"line":118,"column":40},"end":{"line":118,"column":110}},"73":{"start":{"line":121,"column":37},"end":{"line":121,"column":48}},"74":{"start":{"line":122,"column":26},"end":{"line":122,"column":57}},"75":{"start":{"line":123,"column":27},"end":{"line":123,"column":99}},"76":{"start":{"line":123,"column":49},"end":{"line":123,"column":90}},"77":{"start":{"line":124,"column":25},"end":{"line":124,"column":77}},"78":{"start":{"line":126,"column":8},"end":{"line":150,"column":11}},"79":{"start":{"line":132,"column":12},"end":{"line":132,"column":50}},"80":{"start":{"line":133,"column":36},"end":{"line":133,"column":60}},"81":{"start":{"line":134,"column":40},"end":{"line":134,"column":94}},"82":{"start":{"line":134,"column":68},"end":{"line":134,"column":93}},"83":{"start":{"line":135,"column":36},"end":{"line":135,"column":80}},"84":{"start":{"line":136,"column":12},"end":{"line":138,"column":15}},"85":{"start":{"line":137,"column":14},"end":{"line":137,"column":117}},"86":{"start":{"line":137,"column":44},"end":{"line":137,"column":114}},"87":{"start":{"line":139,"column":41},"end":{"line":139,"column":52}},"88":{"start":{"line":140,"column":39},"end":{"line":140,"column":70}},"89":{"start":{"line":141,"column":32},"end":{"line":141,"column":117}},"90":{"start":{"line":141,"column":58},"end":{"line":141,"column":108}},"91":{"start":{"line":142,"column":24},"end":{"line":142,"column":93}},"92":{"start":{"line":143,"column":12},"end":{"line":143,"column":90}},"93":{"start":{"line":145,"column":34},"end":{"line":145,"column":58}},"94":{"start":{"line":146,"column":33},"end":{"line":146,"column":50}},"95":{"start":{"line":147,"column":12},"end":{"line":147,"column":93}},"96":{"start":{"line":147,"column":40},"end":{"line":147,"column":89}},"97":{"start":{"line":147,"column":66},"end":{"line":147,"column":89}},"98":{"start":{"line":148,"column":12},"end":{"line":148,"column":59}},"99":{"start":{"line":155,"column":4},"end":{"line":155,"column":33}},"100":{"start":{"line":159,"column":18},"end":{"line":159,"column":37}},"101":{"start":{"line":160,"column":20},"end":{"line":160,"column":21}},"102":{"start":{"line":161,"column":20},"end":{"line":168,"column":7}},"103":{"start":{"line":162,"column":6},"end":{"line":167,"column":7}},"104":{"start":{"line":163,"column":8},"end":{"line":163,"column":51}},"105":{"start":{"line":165,"column":8},"end":{"line":165,"column":20}},"106":{"start":{"line":166,"column":8},"end":{"line":166,"column":43}},"107":{"start":{"line":169,"column":21},"end":{"line":171,"column":22}},"108":{"start":{"line":170,"column":21},"end":{"line":170,"column":69}},"109":{"start":{"line":172,"column":4},"end":{"line":172,"column":24}},"110":{"start":{"line":177,"column":18},"end":{"line":177,"column":61}},"111":{"start":{"line":178,"column":4},"end":{"line":178,"column":30}},"112":{"start":{"line":178,"column":15},"end":{"line":178,"column":30}},"113":{"start":{"line":181,"column":22},"end":{"line":181,"column":39}},"114":{"start":{"line":184,"column":6},"end":{"line":186,"column":9}},"115":{"start":{"line":185,"column":8},"end":{"line":185,"column":95}},"116":{"start":{"line":185,"column":69},"end":{"line":185,"column":95}},"117":{"start":{"line":189,"column":6},"end":{"line":196,"column":7}},"118":{"start":{"line":190,"column":8},"end":{"line":190,"column":42}},"119":{"start":{"line":192,"column":8},"end":{"line":192,"column":32}},"120":{"start":{"line":194,"column":8},"end":{"line":194,"column":111}},"121":{"start":{"line":194,"column":85},"end":{"line":194,"column":107}},"122":{"start":{"line":195,"column":8},"end":{"line":195,"column":15}},"123":{"start":{"line":198,"column":6},"end":{"line":198,"column":41}},"124":{"start":{"line":201,"column":4},"end":{"line":204,"column":5}},"125":{"start":{"line":202,"column":6},"end":{"line":202,"column":12}},"126":{"start":{"line":203,"column":6},"end":{"line":203,"column":13}},"127":{"start":{"line":207,"column":23},"end":{"line":207,"column":28}},"128":{"start":{"line":208,"column":22},"end":{"line":208,"column":32}},"129":{"start":{"line":210,"column":21},"end":{"line":219,"column":6}},"130":{"start":{"line":211,"column":6},"end":{"line":216,"column":7}},"131":{"start":{"line":212,"column":8},"end":{"line":214,"column":9}},"132":{"start":{"line":213,"column":10},"end":{"line":213,"column":32}},"133":{"start":{"line":215,"column":8},"end":{"line":215,"column":15}},"134":{"start":{"line":217,"column":6},"end":{"line":217,"column":28}},"135":{"start":{"line":218,"column":6},"end":{"line":218,"column":12}},"136":{"start":{"line":221,"column":4},"end":{"line":221,"column":72}},"137":{"start":{"line":226,"column":20},"end":{"line":226,"column":49}},"138":{"start":{"line":227,"column":4},"end":{"line":227,"column":35}},"139":{"start":{"line":228,"column":4},"end":{"line":228,"column":83}},"140":{"start":{"line":229,"column":4},"end":{"line":229,"column":83}},"141":{"start":{"line":230,"column":4},"end":{"line":230,"column":35}},"142":{"start":{"line":233,"column":2},"end":{"line":233,"column":84}},"143":{"start":{"line":236,"column":0},"end":{"line":236,"column":63}},"144":{"start":{"line":236,"column":35},"end":{"line":236,"column":63}}},"fnMap":{"0":{"name":"(anonymous_0)","decl":{"start":{"line":1,"column":20},"end":{"line":1,"column":21}},"loc":{"start":{"line":1,"column":26},"end":{"line":234,"column":1}},"line":1},"1":{"name":"_API","decl":{"start":{"line":8,"column":11},"end":{"line":8,"column":15}},"loc":{"start":{"line":8,"column":18},"end":{"line":8,"column":75}},"line":8},"2":{"name":"_Modal","decl":{"start":{"line":9,"column":11},"end":{"line":9,"column":17}},"loc":{"start":{"line":9,"column":20},"end":{"line":9,"column":83}},"line":9},"3":{"name":"_Grouping","decl":{"start":{"line":10,"column":11},"end":{"line":10,"column":20}},"loc":{"start":{"line":10,"column":23},"end":{"line":10,"column":95}},"line":10},"4":{"name":"_SaveOps","decl":{"start":{"line":11,"column":11},"end":{"line":11,"column":19}},"loc":{"start":{"line":11,"column":22},"end":{"line":11,"column":91}},"line":11},"5":{"name":"_WorldMap","decl":{"start":{"line":12,"column":11},"end":{"line":12,"column":20}},"loc":{"start":{"line":12,"column":23},"end":{"line":12,"column":95}},"line":12},"6":{"name":"scrapeItemNames","decl":{"start":{"line":14,"column":11},"end":{"line":14,"column":26}},"loc":{"start":{"line":14,"column":29},"end":{"line":22,"column":3}},"line":14},"7":{"name":"(anonymous_7)","decl":{"start":{"line":16,"column":61},"end":{"line":16,"column":62}},"loc":{"start":{"line":16,"column":66},"end":{"line":20,"column":5}},"line":16},"8":{"name":"formatRule","decl":{"start":{"line":24,"column":11},"end":{"line":24,"column":21}},"loc":{"start":{"line":24,"column":31},"end":{"line":31,"column":3}},"line":24},"9":{"name":"renderAlertsPanel","decl":{"start":{"line":33,"column":11},"end":{"line":33,"column":28}},"loc":{"start":{"line":33,"column":46},"end":{"line":156,"column":3}},"line":33},"10":{"name":"(anonymous_10)","decl":{"start":{"line":40,"column":19},"end":{"line":40,"column":20}},"loc":{"start":{"line":40,"column":24},"end":{"line":42,"column":5}},"line":40},"11":{"name":"(anonymous_11)","decl":{"start":{"line":41,"column":30},"end":{"line":41,"column":31}},"loc":{"start":{"line":41,"column":36},"end":{"line":41,"column":106}},"line":41},"12":{"name":"(anonymous_12)","decl":{"start":{"line":48,"column":28},"end":{"line":48,"column":29}},"loc":{"start":{"line":48,"column":40},"end":{"line":61,"column":5}},"line":48},"13":{"name":"(anonymous_13)","decl":{"start":{"line":50,"column":38},"end":{"line":50,"column":39}},"loc":{"start":{"line":50,"column":43},"end":{"line":50,"column":173}},"line":50},"14":{"name":"(anonymous_14)","decl":{"start":{"line":78,"column":59},"end":{"line":78,"column":60}},"loc":{"start":{"line":78,"column":72},"end":{"line":152,"column":5}},"line":78},"15":{"name":"(anonymous_15)","decl":{"start":{"line":88,"column":54},"end":{"line":88,"column":55}},"loc":{"start":{"line":88,"column":80},"end":{"line":91,"column":9}},"line":88},"16":{"name":"(anonymous_16)","decl":{"start":{"line":103,"column":17},"end":{"line":103,"column":18}},"loc":{"start":{"line":103,"column":22},"end":{"line":103,"column":152}},"line":103},"17":{"name":"(anonymous_17)","decl":{"start":{"line":115,"column":51},"end":{"line":115,"column":52}},"loc":{"start":{"line":115,"column":56},"end":{"line":115,"column":81}},"line":115},"18":{"name":"(anonymous_18)","decl":{"start":{"line":117,"column":28},"end":{"line":117,"column":29}},"loc":{"start":{"line":117,"column":33},"end":{"line":119,"column":9}},"line":117},"19":{"name":"(anonymous_19)","decl":{"start":{"line":118,"column":34},"end":{"line":118,"column":35}},"loc":{"start":{"line":118,"column":40},"end":{"line":118,"column":110}},"line":118},"20":{"name":"(anonymous_20)","decl":{"start":{"line":123,"column":44},"end":{"line":123,"column":45}},"loc":{"start":{"line":123,"column":49},"end":{"line":123,"column":90}},"line":123},"21":{"name":"(anonymous_21)","decl":{"start":{"line":131,"column":18},"end":{"line":131,"column":19}},"loc":{"start":{"line":131,"column":51},"end":{"line":149,"column":11}},"line":131},"22":{"name":"(anonymous_22)","decl":{"start":{"line":134,"column":63},"end":{"line":134,"column":64}},"loc":{"start":{"line":134,"column":68},"end":{"line":134,"column":93}},"line":134},"23":{"name":"(anonymous_23)","decl":{"start":{"line":136,"column":36},"end":{"line":136,"column":37}},"loc":{"start":{"line":136,"column":41},"end":{"line":138,"column":13}},"line":136},"24":{"name":"(anonymous_24)","decl":{"start":{"line":137,"column":38},"end":{"line":137,"column":39}},"loc":{"start":{"line":137,"column":44},"end":{"line":137,"column":114}},"line":137},"25":{"name":"(anonymous_25)","decl":{"start":{"line":141,"column":53},"end":{"line":141,"column":54}},"loc":{"start":{"line":141,"column":58},"end":{"line":141,"column":108}},"line":141},"26":{"name":"(anonymous_26)","decl":{"start":{"line":147,"column":28},"end":{"line":147,"column":29}},"loc":{"start":{"line":147,"column":38},"end":{"line":147,"column":91}},"line":147},"27":{"name":"deleteGroup","decl":{"start":{"line":158,"column":17},"end":{"line":158,"column":28}},"loc":{"start":{"line":158,"column":48},"end":{"line":173,"column":3}},"line":158},"28":{"name":"(anonymous_28)","decl":{"start":{"line":161,"column":62},"end":{"line":161,"column":63}},"loc":{"start":{"line":161,"column":75},"end":{"line":168,"column":5}},"line":161},"29":{"name":"(anonymous_29)","decl":{"start":{"line":170,"column":11},"end":{"line":170,"column":12}},"loc":{"start":{"line":170,"column":21},"end":{"line":170,"column":69}},"line":170},"30":{"name":"init","decl":{"start":{"line":175,"column":11},"end":{"line":175,"column":15}},"loc":{"start":{"line":175,"column":18},"end":{"line":222,"column":3}},"line":175},"31":{"name":"run","decl":{"start":{"line":180,"column":19},"end":{"line":180,"column":22}},"loc":{"start":{"line":180,"column":25},"end":{"line":199,"column":5}},"line":180},"32":{"name":"(anonymous_32)","decl":{"start":{"line":184,"column":75},"end":{"line":184,"column":76}},"loc":{"start":{"line":184,"column":81},"end":{"line":186,"column":7}},"line":184},"33":{"name":"(anonymous_33)","decl":{"start":{"line":194,"column":77},"end":{"line":194,"column":78}},"loc":{"start":{"line":194,"column":83},"end":{"line":194,"column":109}},"line":194},"34":{"name":"(anonymous_34)","decl":{"start":{"line":210,"column":42},"end":{"line":210,"column":43}},"loc":{"start":{"line":210,"column":48},"end":{"line":219,"column":5}},"line":210},"35":{"name":"handleInitError","decl":{"start":{"line":225,"column":17},"end":{"line":225,"column":32}},"loc":{"start":{"line":225,"column":35},"end":{"line":231,"column":3}},"line":225}},"branchMap":{"0":{"loc":{"start":{"line":2,"column":21},"end":{"line":2,"column":76}},"type":"cond-expr","locations":[{"start":{"line":2,"column":53},"end":{"line":2,"column":69}},{"start":{"line":2,"column":72},"end":{"line":2,"column":76}}],"line":2},"1":{"loc":{"start":{"line":3,"column":23},"end":{"line":3,"column":80}},"type":"cond-expr","locations":[{"start":{"line":3,"column":55},"end":{"line":3,"column":73}},{"start":{"line":3,"column":76},"end":{"line":3,"column":80}}],"line":3},"2":{"loc":{"start":{"line":4,"column":26},"end":{"line":4,"column":86}},"type":"cond-expr","locations":[{"start":{"line":4,"column":58},"end":{"line":4,"column":79}},{"start":{"line":4,"column":82},"end":{"line":4,"column":86}}],"line":4},"3":{"loc":{"start":{"line":5,"column":25},"end":{"line":5,"column":85}},"type":"cond-expr","locations":[{"start":{"line":5,"column":57},"end":{"line":5,"column":78}},{"start":{"line":5,"column":81},"end":{"line":5,"column":85}}],"line":5},"4":{"loc":{"start":{"line":6,"column":26},"end":{"line":6,"column":86}},"type":"cond-expr","locations":[{"start":{"line":6,"column":58},"end":{"line":6,"column":79}},{"start":{"line":6,"column":82},"end":{"line":6,"column":86}}],"line":6},"5":{"loc":{"start":{"line":8,"column":27},"end":{"line":8,"column":72}},"type":"cond-expr","locations":[{"start":{"line":8,"column":56},"end":{"line":8,"column":59}},{"start":{"line":8,"column":62},"end":{"line":8,"column":72}}],"line":8},"6":{"loc":{"start":{"line":9,"column":29},"end":{"line":9,"column":80}},"type":"cond-expr","locations":[{"start":{"line":9,"column":60},"end":{"line":9,"column":65}},{"start":{"line":9,"column":68},"end":{"line":9,"column":80}}],"line":9},"7":{"loc":{"start":{"line":10,"column":32},"end":{"line":10,"column":92}},"type":"cond-expr","locations":[{"start":{"line":10,"column":66},"end":{"line":10,"column":74}},{"start":{"line":10,"column":77},"end":{"line":10,"column":92}}],"line":10},"8":{"loc":{"start":{"line":11,"column":31},"end":{"line":11,"column":88}},"type":"cond-expr","locations":[{"start":{"line":11,"column":64},"end":{"line":11,"column":71}},{"start":{"line":11,"column":74},"end":{"line":11,"column":88}}],"line":11},"9":{"loc":{"start":{"line":12,"column":32},"end":{"line":12,"column":92}},"type":"cond-expr","locations":[{"start":{"line":12,"column":66},"end":{"line":12,"column":74}},{"start":{"line":12,"column":77},"end":{"line":12,"column":92}}],"line":12},"10":{"loc":{"start":{"line":19,"column":6},"end":{"line":19,"column":64}},"type":"if","locations":[{"start":{"line":19,"column":6},"end":{"line":19,"column":64}},{"start":{},"end":{}}],"line":19},"11":{"loc":{"start":{"line":25,"column":23},"end":{"line":25,"column":61}},"type":"cond-expr","locations":[{"start":{"line":25,"column":52},"end":{"line":25,"column":55}},{"start":{"line":25,"column":58},"end":{"line":25,"column":61}}],"line":25},"12":{"loc":{"start":{"line":29,"column":21},"end":{"line":29,"column":70}},"type":"binary-expr","locations":[{"start":{"line":29,"column":21},"end":{"line":29,"column":51}},{"start":{"line":29,"column":55},"end":{"line":29,"column":70}}],"line":29},"13":{"loc":{"start":{"line":29,"column":74},"end":{"line":29,"column":120}},"type":"binary-expr","locations":[{"start":{"line":29,"column":74},"end":{"line":29,"column":102}},{"start":{"line":29,"column":106},"end":{"line":29,"column":120}}],"line":29},"14":{"loc":{"start":{"line":30,"column":11},"end":{"line":30,"column":152}},"type":"cond-expr","locations":[{"start":{"line":30,"column":44},"end":{"line":30,"column":144}},{"start":{"line":30,"column":147},"end":{"line":30,"column":152}}],"line":30},"15":{"loc":{"start":{"line":36,"column":4},"end":{"line":36,"column":36}},"type":"if","locations":[{"start":{"line":36,"column":4},"end":{"line":36,"column":36}},{"start":{},"end":{}}],"line":36},"16":{"loc":{"start":{"line":41,"column":55},"end":{"line":41,"column":104}},"type":"binary-expr","locations":[{"start":{"line":41,"column":55},"end":{"line":41,"column":98}},{"start":{"line":41,"column":102},"end":{"line":41,"column":104}}],"line":41},"17":{"loc":{"start":{"line":49,"column":23},"end":{"line":49,"column":90}},"type":"cond-expr","locations":[{"start":{"line":49,"column":47},"end":{"line":49,"column":68}},{"start":{"line":49,"column":71},"end":{"line":49,"column":90}}],"line":49},"18":{"loc":{"start":{"line":50,"column":140},"end":{"line":50,"column":164}},"type":"binary-expr","locations":[{"start":{"line":50,"column":140},"end":{"line":50,"column":151}},{"start":{"line":50,"column":155},"end":{"line":50,"column":164}}],"line":50},"19":{"loc":{"start":{"line":82,"column":6},"end":{"line":82,"column":25}},"type":"if","locations":[{"start":{"line":82,"column":6},"end":{"line":82,"column":25}},{"start":{},"end":{}}],"line":82},"20":{"loc":{"start":{"line":84,"column":6},"end":{"line":151,"column":7}},"type":"if","locations":[{"start":{"line":84,"column":6},"end":{"line":151,"column":7}},{"start":{"line":106,"column":13},"end":{"line":151,"column":7}}],"line":84},"21":{"loc":{"start":{"line":92,"column":8},"end":{"line":105,"column":9}},"type":"if","locations":[{"start":{"line":92,"column":8},"end":{"line":105,"column":9}},{"start":{"line":94,"column":15},"end":{"line":105,"column":9}}],"line":92},"22":{"loc":{"start":{"line":103,"column":119},"end":{"line":103,"column":143}},"type":"binary-expr","locations":[{"start":{"line":103,"column":119},"end":{"line":103,"column":130}},{"start":{"line":103,"column":134},"end":{"line":103,"column":143}}],"line":103},"23":{"loc":{"start":{"line":106,"column":13},"end":{"line":151,"column":7}},"type":"if","locations":[{"start":{"line":106,"column":13},"end":{"line":151,"column":7}},{"start":{},"end":{}}],"line":106},"24":{"loc":{"start":{"line":118,"column":59},"end":{"line":118,"column":108}},"type":"binary-expr","locations":[{"start":{"line":118,"column":59},"end":{"line":118,"column":102}},{"start":{"line":118,"column":106},"end":{"line":118,"column":108}}],"line":118},"25":{"loc":{"start":{"line":123,"column":27},"end":{"line":123,"column":99}},"type":"binary-expr","locations":[{"start":{"line":123,"column":27},"end":{"line":123,"column":91}},{"start":{"line":123,"column":95},"end":{"line":123,"column":99}}],"line":123},"26":{"loc":{"start":{"line":124,"column":25},"end":{"line":124,"column":77}},"type":"binary-expr","locations":[{"start":{"line":124,"column":25},"end":{"line":124,"column":50}},{"start":{"line":124,"column":54},"end":{"line":124,"column":77}}],"line":124},"27":{"loc":{"start":{"line":137,"column":63},"end":{"line":137,"column":112}},"type":"binary-expr","locations":[{"start":{"line":137,"column":63},"end":{"line":137,"column":106}},{"start":{"line":137,"column":110},"end":{"line":137,"column":112}}],"line":137},"28":{"loc":{"start":{"line":141,"column":32},"end":{"line":141,"column":117}},"type":"binary-expr","locations":[{"start":{"line":141,"column":32},"end":{"line":141,"column":109}},{"start":{"line":141,"column":113},"end":{"line":141,"column":117}}],"line":141},"29":{"loc":{"start":{"line":147,"column":40},"end":{"line":147,"column":89}},"type":"if","locations":[{"start":{"line":147,"column":40},"end":{"line":147,"column":89}},{"start":{},"end":{}}],"line":147},"30":{"loc":{"start":{"line":170,"column":21},"end":{"line":170,"column":69}},"type":"cond-expr","locations":[{"start":{"line":170,"column":47},"end":{"line":170,"column":62}},{"start":{"line":170,"column":65},"end":{"line":170,"column":69}}],"line":170},"31":{"loc":{"start":{"line":178,"column":4},"end":{"line":178,"column":30}},"type":"if","locations":[{"start":{"line":178,"column":4},"end":{"line":178,"column":30}},{"start":{},"end":{}}],"line":178},"32":{"loc":{"start":{"line":185,"column":8},"end":{"line":185,"column":95}},"type":"if","locations":[{"start":{"line":185,"column":8},"end":{"line":185,"column":95}},{"start":{},"end":{}}],"line":185},"33":{"loc":{"start":{"line":185,"column":12},"end":{"line":185,"column":67}},"type":"binary-expr","locations":[{"start":{"line":185,"column":12},"end":{"line":185,"column":35}},{"start":{"line":185,"column":39},"end":{"line":185,"column":67}}],"line":185},"34":{"loc":{"start":{"line":201,"column":4},"end":{"line":204,"column":5}},"type":"if","locations":[{"start":{"line":201,"column":4},"end":{"line":204,"column":5}},{"start":{},"end":{}}],"line":201},"35":{"loc":{"start":{"line":211,"column":6},"end":{"line":216,"column":7}},"type":"if","locations":[{"start":{"line":211,"column":6},"end":{"line":216,"column":7}},{"start":{},"end":{}}],"line":211},"36":{"loc":{"start":{"line":212,"column":8},"end":{"line":214,"column":9}},"type":"if","locations":[{"start":{"line":212,"column":8},"end":{"line":214,"column":9}},{"start":{},"end":{}}],"line":212},"37":{"loc":{"start":{"line":236,"column":0},"end":{"line":236,"column":63}},"type":"if","locations":[{"start":{"line":236,"column":0},"end":{"line":236,"column":63}},{"start":{},"end":{}}],"line":236}},"s":{"0":1,"1":1,"2":1,"3":1,"4":1,"5":1,"6":21,"7":1,"8":20,"9":2,"10":24,"11":6,"12":6,"13":6,"14":6,"15":6,"16":6,"17":6,"18":14,"19":14,"20":14,"21":14,"22":14,"23":14,"24":16,"25":16,"26":2,"27":16,"28":16,"29":14,"30":20,"31":16,"32":16,"33":16,"34":16,"35":14,"36":14,"37":20,"38":14,"39":16,"40":16,"41":5,"42":5,"43":5,"44":5,"45":0,"46":5,"47":3,"48":3,"49":3,"50":3,"51":5,"52":5,"53":2,"54":1,"55":1,"56":1,"57":1,"58":1,"59":1,"60":1,"61":2,"62":2,"63":2,"64":2,"65":1,"66":1,"67":1,"68":1,"69":1,"70":1,"71":1,"72":1,"73":1,"74":1,"75":1,"76":1,"77":1,"78":1,"79":1,"80":1,"81":1,"82":2,"83":1,"84":1,"85":1,"86":2,"87":1,"88":1,"89":1,"90":1,"91":1,"92":1,"93":1,"94":1,"95":1,"96":1,"97":0,"98":1,"99":16,"100":6,"101":6,"102":6,"103":14,"104":14,"105":12,"106":12,"107":5,"108":12,"109":5,"110":3,"111":3,"112":0,"113":3,"114":3,"115":3,"116":3,"117":3,"118":3,"119":1,"120":1,"121":2,"122":1,"123":2,"124":3,"125":3,"126":3,"127":0,"128":0,"129":0,"130":0,"131":0,"132":0,"133":0,"134":0,"135":0,"136":0,"137":2,"138":2,"139":2,"140":2,"141":2,"142":1,"143":1,"144":1},"f":{"0":1,"1":21,"2":1,"3":20,"4":2,"5":24,"6":6,"7":6,"8":14,"9":16,"10":14,"11":20,"12":14,"13":20,"14":5,"15":5,"16":2,"17":1,"18":1,"19":1,"20":1,"21":1,"22":2,"23":1,"24":2,"25":1,"26":1,"27":6,"28":14,"29":12,"30":3,"31":3,"32":3,"33":2,"34":0,"35":2},"b":{"0":[1,0],"1":[1,0],"2":[1,0],"3":[1,0],"4":[1,0],"5":[21,0],"6":[1,0],"7":[20,0],"8":[2,0],"9":[24,0],"10":[6,0],"11":[13,1],"12":[14,0],"13":[14,0],"14":[1,13],"15":[2,14],"16":[20,0],"17":[13,1],"18":[20,0],"19":[0,5],"20":[3,2],"21":[1,1],"22":[2,0],"23":[2,0],"24":[1,0],"25":[1,0],"26":[1,0],"27":[2,0],"28":[1,0],"29":[0,1],"30":[3,9],"31":[0,3],"32":[3,0],"33":[3,3],"34":[3,0],"35":[0,0],"36":[0,0],"37":[1,0]},"_coverageSchema":"1a1c01bbd47fc00a2c39e90264f33305004495a9","hash":"216f91efad8d37b93cd430c037aaff27727668a3"}
,"/Users/seankao/Workplace/Projects/ffxiv-universalis-alert/src/api.js": {"path":"/Users/seankao/Workplace/Projects/ffxiv-universalis-alert/src/api.js","statementMap":{"0":{"start":{"line":1,"column":12},"end":{"line":27,"column":4}},"1":{"start":{"line":2,"column":14},"end":{"line":2,"column":84}},"2":{"start":{"line":3,"column":17},"end":{"line":3,"column":37}},"3":{"start":{"line":6,"column":16},"end":{"line":6,"column":47}},"4":{"start":{"line":7,"column":4},"end":{"line":7,"column":55}},"5":{"start":{"line":7,"column":17},"end":{"line":7,"column":55}},"6":{"start":{"line":8,"column":4},"end":{"line":8,"column":22}},"7":{"start":{"line":12,"column":16},"end":{"line":16,"column":6}},"8":{"start":{"line":17,"column":4},"end":{"line":17,"column":55}},"9":{"start":{"line":17,"column":17},"end":{"line":17,"column":55}},"10":{"start":{"line":18,"column":4},"end":{"line":18,"column":22}},"11":{"start":{"line":22,"column":16},"end":{"line":22,"column":80}},"12":{"start":{"line":23,"column":4},"end":{"line":23,"column":55}},"13":{"start":{"line":23,"column":17},"end":{"line":23,"column":55}},"14":{"start":{"line":26,"column":2},"end":{"line":26,"column":49}},"15":{"start":{"line":29,"column":0},"end":{"line":29,"column":56}},"16":{"start":{"line":29,"column":35},"end":{"line":29,"column":56}}},"fnMap":{"0":{"name":"(anonymous_0)","decl":{"start":{"line":1,"column":13},"end":{"line":1,"column":14}},"loc":{"start":{"line":1,"column":19},"end":{"line":27,"column":1}},"line":1},"1":{"name":"getAlerts","decl":{"start":{"line":5,"column":17},"end":{"line":5,"column":26}},"loc":{"start":{"line":5,"column":29},"end":{"line":9,"column":3}},"line":5},"2":{"name":"createAlert","decl":{"start":{"line":11,"column":17},"end":{"line":11,"column":28}},"loc":{"start":{"line":11,"column":38},"end":{"line":19,"column":3}},"line":11},"3":{"name":"deleteAlert","decl":{"start":{"line":21,"column":17},"end":{"line":21,"column":28}},"loc":{"start":{"line":21,"column":38},"end":{"line":24,"column":3}},"line":21}},"branchMap":{"0":{"loc":{"start":{"line":2,"column":14},"end":{"line":2,"column":84}},"type":"cond-expr","locations":[{"start":{"line":2,"column":49},"end":{"line":2,"column":58}},{"start":{"line":2,"column":61},"end":{"line":2,"column":84}}],"line":2},"1":{"loc":{"start":{"line":7,"column":4},"end":{"line":7,"column":55}},"type":"if","locations":[{"start":{"line":7,"column":4},"end":{"line":7,"column":55}},{"start":{},"end":{}}],"line":7},"2":{"loc":{"start":{"line":17,"column":4},"end":{"line":17,"column":55}},"type":"if","locations":[{"start":{"line":17,"column":4},"end":{"line":17,"column":55}},{"start":{},"end":{}}],"line":17},"3":{"loc":{"start":{"line":23,"column":4},"end":{"line":23,"column":55}},"type":"if","locations":[{"start":{"line":23,"column":4},"end":{"line":23,"column":55}},{"start":{},"end":{}}],"line":23},"4":{"loc":{"start":{"line":29,"column":0},"end":{"line":29,"column":56}},"type":"if","locations":[{"start":{"line":29,"column":0},"end":{"line":29,"column":56}},{"start":{},"end":{}}],"line":29}},"s":{"0":6,"1":6,"2":6,"3":2,"4":2,"5":1,"6":1,"7":2,"8":2,"9":1,"10":1,"11":2,"12":2,"13":1,"14":6,"15":6,"16":6},"f":{"0":6,"1":2,"2":2,"3":2},"b":{"0":[0,6],"1":[1,1],"2":[1,1],"3":[1,1],"4":[6,0]},"_coverageSchema":"1a1c01bbd47fc00a2c39e90264f33305004495a9","hash":"c6b8db49b7e8bd14dc4f47f6952f554ff8759ff6"}
,"/Users/seankao/Workplace/Projects/ffxiv-universalis-alert/src/grouping.js": {"path":"/Users/seankao/Workplace/Projects/ffxiv-universalis-alert/src/grouping.js","statementMap":{"0":{"start":{"line":1,"column":17},"end":{"line":47,"column":4}},"1":{"start":{"line":2,"column":28},"end":{"line":2,"column":74}},"2":{"start":{"line":5,"column":24},"end":{"line":5,"column":51}},"3":{"start":{"line":6,"column":24},"end":{"line":6,"column":53}},"4":{"start":{"line":7,"column":4},"end":{"line":7,"column":81}},"5":{"start":{"line":7,"column":69},"end":{"line":7,"column":81}},"6":{"start":{"line":9,"column":23},"end":{"line":9,"column":25}},"7":{"start":{"line":10,"column":4},"end":{"line":12,"column":5}},"8":{"start":{"line":11,"column":6},"end":{"line":11,"column":37}},"9":{"start":{"line":13,"column":4},"end":{"line":13,"column":38}},"10":{"start":{"line":17,"column":19},"end":{"line":17,"column":28}},"11":{"start":{"line":19,"column":4},"end":{"line":41,"column":5}},"12":{"start":{"line":20,"column":25},"end":{"line":20,"column":56}},"13":{"start":{"line":22,"column":18},"end":{"line":24,"column":36}},"14":{"start":{"line":26,"column":6},"end":{"line":34,"column":7}},"15":{"start":{"line":27,"column":8},"end":{"line":33,"column":11}},"16":{"start":{"line":36,"column":6},"end":{"line":40,"column":9}},"17":{"start":{"line":43,"column":4},"end":{"line":43,"column":39}},"18":{"start":{"line":46,"column":2},"end":{"line":46,"column":43}},"19":{"start":{"line":49,"column":0},"end":{"line":49,"column":61}},"20":{"start":{"line":49,"column":35},"end":{"line":49,"column":61}}},"fnMap":{"0":{"name":"(anonymous_0)","decl":{"start":{"line":1,"column":18},"end":{"line":1,"column":19}},"loc":{"start":{"line":1,"column":24},"end":{"line":47,"column":1}},"line":1},"1":{"name":"normalizeTrigger","decl":{"start":{"line":4,"column":11},"end":{"line":4,"column":27}},"loc":{"start":{"line":4,"column":37},"end":{"line":14,"column":3}},"line":4},"2":{"name":"groupAlerts","decl":{"start":{"line":16,"column":11},"end":{"line":16,"column":22}},"loc":{"start":{"line":16,"column":31},"end":{"line":44,"column":3}},"line":16}},"branchMap":{"0":{"loc":{"start":{"line":7,"column":4},"end":{"line":7,"column":81}},"type":"if","locations":[{"start":{"line":7,"column":4},"end":{"line":7,"column":81}},{"start":{},"end":{}}],"line":7},"1":{"loc":{"start":{"line":22,"column":18},"end":{"line":24,"column":36}},"type":"cond-expr","locations":[{"start":{"line":23,"column":10},"end":{"line":23,"column":42}},{"start":{"line":24,"column":10},"end":{"line":24,"column":36}}],"line":22},"2":{"loc":{"start":{"line":26,"column":6},"end":{"line":34,"column":7}},"type":"if","locations":[{"start":{"line":26,"column":6},"end":{"line":34,"column":7}},{"start":{},"end":{}}],"line":26},"3":{"loc":{"start":{"line":30,"column":26},"end":{"line":30,"column":52}},"type":"binary-expr","locations":[{"start":{"line":30,"column":26},"end":{"line":30,"column":46}},{"start":{"line":30,"column":50},"end":{"line":30,"column":52}}],"line":30},"4":{"loc":{"start":{"line":49,"column":0},"end":{"line":49,"column":61}},"type":"if","locations":[{"start":{"line":49,"column":0},"end":{"line":49,"column":61}},{"start":{},"end":{}}],"line":49}},"s":{"0":6,"1":6,"2":63,"3":63,"4":63,"5":2,"6":61,"7":61,"8":244,"9":61,"10":35,"11":35,"12":43,"13":43,"14":43,"15":32,"16":43,"17":35,"18":6,"19":6,"20":6},"f":{"0":6,"1":63,"2":35},"b":{"0":[2,61],"1":[42,1],"2":[32,11],"3":[32,0],"4":[6,0]},"_coverageSchema":"1a1c01bbd47fc00a2c39e90264f33305004495a9","hash":"74f67f2d123098c3d763f617c974dabbfbbdeb8f"}
,"/Users/seankao/Workplace/Projects/ffxiv-universalis-alert/src/init.js": {"path":"/Users/seankao/Workplace/Projects/ffxiv-universalis-alert/src/init.js","statementMap":{"0":{"start":{"line":1,"column":13},"end":{"line":33,"column":4}},"1":{"start":{"line":3,"column":4},"end":{"line":9,"column":5}},"2":{"start":{"line":4,"column":6},"end":{"line":6,"column":7}},"3":{"start":{"line":5,"column":8},"end":{"line":5,"column":26}},"4":{"start":{"line":7,"column":11},"end":{"line":9,"column":5}},"5":{"start":{"line":8,"column":6},"end":{"line":8,"column":24}},"6":{"start":{"line":13,"column":19},"end":{"line":13,"column":43}},"7":{"start":{"line":15,"column":21},"end":{"line":20,"column":6}},"8":{"start":{"line":16,"column":26},"end":{"line":16,"column":50}},"9":{"start":{"line":17,"column":6},"end":{"line":17,"column":43}},"10":{"start":{"line":17,"column":36},"end":{"line":17,"column":43}},"11":{"start":{"line":18,"column":6},"end":{"line":18,"column":29}},"12":{"start":{"line":19,"column":6},"end":{"line":19,"column":25}},"13":{"start":{"line":22,"column":4},"end":{"line":22,"column":72}},"14":{"start":{"line":26,"column":4},"end":{"line":26,"column":30}},"15":{"start":{"line":27,"column":4},"end":{"line":27,"column":36}},"16":{"start":{"line":30,"column":2},"end":{"line":30,"column":9}},"17":{"start":{"line":32,"column":2},"end":{"line":32,"column":50}},"18":{"start":{"line":35,"column":0},"end":{"line":35,"column":57}},"19":{"start":{"line":35,"column":35},"end":{"line":35,"column":57}}},"fnMap":{"0":{"name":"(anonymous_0)","decl":{"start":{"line":1,"column":14},"end":{"line":1,"column":15}},"loc":{"start":{"line":1,"column":20},"end":{"line":33,"column":1}},"line":1},"1":{"name":"route","decl":{"start":{"line":2,"column":11},"end":{"line":2,"column":16}},"loc":{"start":{"line":2,"column":27},"end":{"line":10,"column":3}},"line":2},"2":{"name":"setupNavigationObserver","decl":{"start":{"line":12,"column":11},"end":{"line":12,"column":34}},"loc":{"start":{"line":12,"column":37},"end":{"line":23,"column":3}},"line":12},"3":{"name":"(anonymous_3)","decl":{"start":{"line":15,"column":42},"end":{"line":15,"column":43}},"loc":{"start":{"line":15,"column":48},"end":{"line":20,"column":5}},"line":15},"4":{"name":"main","decl":{"start":{"line":25,"column":11},"end":{"line":25,"column":15}},"loc":{"start":{"line":25,"column":18},"end":{"line":28,"column":3}},"line":25}},"branchMap":{"0":{"loc":{"start":{"line":3,"column":4},"end":{"line":9,"column":5}},"type":"if","locations":[{"start":{"line":3,"column":4},"end":{"line":9,"column":5}},{"start":{"line":7,"column":11},"end":{"line":9,"column":5}}],"line":3},"1":{"loc":{"start":{"line":4,"column":6},"end":{"line":6,"column":7}},"type":"if","locations":[{"start":{"line":4,"column":6},"end":{"line":6,"column":7}},{"start":{},"end":{}}],"line":4},"2":{"loc":{"start":{"line":7,"column":11},"end":{"line":9,"column":5}},"type":"if","locations":[{"start":{"line":7,"column":11},"end":{"line":9,"column":5}},{"start":{},"end":{}}],"line":7},"3":{"loc":{"start":{"line":17,"column":6},"end":{"line":17,"column":43}},"type":"if","locations":[{"start":{"line":17,"column":6},"end":{"line":17,"column":43}},{"start":{},"end":{}}],"line":17},"4":{"loc":{"start":{"line":35,"column":0},"end":{"line":35,"column":57}},"type":"if","locations":[{"start":{"line":35,"column":0},"end":{"line":35,"column":57}},{"start":{},"end":{}}],"line":35}},"s":{"0":11,"1":39,"2":13,"3":12,"4":26,"5":2,"6":11,"7":11,"8":76,"9":76,"10":50,"11":26,"12":26,"13":11,"14":11,"15":11,"16":11,"17":11,"18":11,"19":11},"f":{"0":11,"1":39,"2":11,"3":76,"4":11},"b":{"0":[13,26],"1":[12,1],"2":[2,24],"3":[50,26],"4":[11,0]},"_coverageSchema":"1a1c01bbd47fc00a2c39e90264f33305004495a9","hash":"e8db9941e3344d1630226f36587b53b27f17ee28"}
,"/Users/seankao/Workplace/Projects/ffxiv-universalis-alert/src/market-page.js": {"path":"/Users/seankao/Workplace/Projects/ffxiv-universalis-alert/src/market-page.js","statementMap":{"0":{"start":{"line":1,"column":19},"end":{"line":83,"column":4}},"1":{"start":{"line":2,"column":21},"end":{"line":2,"column":76}},"2":{"start":{"line":3,"column":23},"end":{"line":3,"column":80}},"3":{"start":{"line":4,"column":26},"end":{"line":4,"column":86}},"4":{"start":{"line":5,"column":26},"end":{"line":5,"column":86}},"5":{"start":{"line":7,"column":20},"end":{"line":7,"column":73}},"6":{"start":{"line":8,"column":22},"end":{"line":8,"column":81}},"7":{"start":{"line":9,"column":25},"end":{"line":9,"column":93}},"8":{"start":{"line":10,"column":25},"end":{"line":10,"column":93}},"9":{"start":{"line":13,"column":4},"end":{"line":13,"column":52}},"10":{"start":{"line":17,"column":20},"end":{"line":17,"column":48}},"11":{"start":{"line":18,"column":4},"end":{"line":18,"column":53}},"12":{"start":{"line":22,"column":4},"end":{"line":22,"column":58}},"13":{"start":{"line":22,"column":51},"end":{"line":22,"column":58}},"14":{"start":{"line":24,"column":16},"end":{"line":24,"column":48}},"15":{"start":{"line":25,"column":4},"end":{"line":25,"column":30}},"16":{"start":{"line":26,"column":4},"end":{"line":26,"column":39}},"17":{"start":{"line":27,"column":4},"end":{"line":27,"column":196}},"18":{"start":{"line":29,"column":4},"end":{"line":29,"column":88}},"19":{"start":{"line":29,"column":40},"end":{"line":29,"column":86}},"20":{"start":{"line":31,"column":16},"end":{"line":31,"column":31}},"21":{"start":{"line":32,"column":4},"end":{"line":36,"column":5}},"22":{"start":{"line":33,"column":6},"end":{"line":33,"column":27}},"23":{"start":{"line":35,"column":6},"end":{"line":35,"column":37}},"24":{"start":{"line":41,"column":4},"end":{"line":52,"column":5}},"25":{"start":{"line":42,"column":6},"end":{"line":42,"column":43}},"26":{"start":{"line":45,"column":22},"end":{"line":45,"column":98}},"27":{"start":{"line":46,"column":6},"end":{"line":46,"column":38}},"28":{"start":{"line":47,"column":6},"end":{"line":47,"column":76}},"29":{"start":{"line":48,"column":6},"end":{"line":48,"column":85}},"30":{"start":{"line":49,"column":18},"end":{"line":49,"column":59}},"31":{"start":{"line":50,"column":6},"end":{"line":50,"column":62}},"32":{"start":{"line":50,"column":15},"end":{"line":50,"column":62}},"33":{"start":{"line":51,"column":6},"end":{"line":51,"column":13}},"34":{"start":{"line":54,"column":23},"end":{"line":54,"column":65}},"35":{"start":{"line":54,"column":45},"end":{"line":54,"column":64}},"36":{"start":{"line":55,"column":19},"end":{"line":55,"column":54}},"37":{"start":{"line":56,"column":4},"end":{"line":58,"column":7}},"38":{"start":{"line":57,"column":6},"end":{"line":57,"column":109}},"39":{"start":{"line":57,"column":36},"end":{"line":57,"column":106}},"40":{"start":{"line":60,"column":4},"end":{"line":60,"column":57}},"41":{"start":{"line":65,"column":6},"end":{"line":65,"column":41}},"42":{"start":{"line":65,"column":28},"end":{"line":65,"column":41}},"43":{"start":{"line":66,"column":24},"end":{"line":66,"column":59}},"44":{"start":{"line":67,"column":6},"end":{"line":67,"column":46}},"45":{"start":{"line":67,"column":34},"end":{"line":67,"column":46}},"46":{"start":{"line":68,"column":21},"end":{"line":68,"column":41}},"47":{"start":{"line":69,"column":6},"end":{"line":69,"column":49}},"48":{"start":{"line":69,"column":22},"end":{"line":69,"column":49}},"49":{"start":{"line":70,"column":6},"end":{"line":70,"column":18}},"50":{"start":{"line":73,"column":4},"end":{"line":73,"column":26}},"51":{"start":{"line":73,"column":19},"end":{"line":73,"column":26}},"52":{"start":{"line":76,"column":21},"end":{"line":78,"column":6}},"53":{"start":{"line":77,"column":6},"end":{"line":77,"column":43}},"54":{"start":{"line":77,"column":21},"end":{"line":77,"column":43}},"55":{"start":{"line":79,"column":4},"end":{"line":79,"column":72}},"56":{"start":{"line":82,"column":2},"end":{"line":82,"column":62}},"57":{"start":{"line":85,"column":0},"end":{"line":85,"column":63}},"58":{"start":{"line":85,"column":35},"end":{"line":85,"column":63}}},"fnMap":{"0":{"name":"(anonymous_0)","decl":{"start":{"line":1,"column":20},"end":{"line":1,"column":21}},"loc":{"start":{"line":1,"column":26},"end":{"line":83,"column":1}},"line":1},"1":{"name":"_API","decl":{"start":{"line":7,"column":11},"end":{"line":7,"column":15}},"loc":{"start":{"line":7,"column":18},"end":{"line":7,"column":75}},"line":7},"2":{"name":"_Modal","decl":{"start":{"line":8,"column":11},"end":{"line":8,"column":17}},"loc":{"start":{"line":8,"column":20},"end":{"line":8,"column":83}},"line":8},"3":{"name":"_Grouping","decl":{"start":{"line":9,"column":11},"end":{"line":9,"column":20}},"loc":{"start":{"line":9,"column":23},"end":{"line":9,"column":95}},"line":9},"4":{"name":"_WorldMap","decl":{"start":{"line":10,"column":11},"end":{"line":10,"column":20}},"loc":{"start":{"line":10,"column":23},"end":{"line":10,"column":95}},"line":10},"5":{"name":"findButtonBar","decl":{"start":{"line":12,"column":11},"end":{"line":12,"column":24}},"loc":{"start":{"line":12,"column":27},"end":{"line":14,"column":3}},"line":12},"6":{"name":"readItemName","decl":{"start":{"line":16,"column":11},"end":{"line":16,"column":23}},"loc":{"start":{"line":16,"column":26},"end":{"line":19,"column":3}},"line":16},"7":{"name":"injectMarketButton","decl":{"start":{"line":21,"column":11},"end":{"line":21,"column":29}},"loc":{"start":{"line":21,"column":38},"end":{"line":37,"column":3}},"line":21},"8":{"name":"(anonymous_8)","decl":{"start":{"line":29,"column":34},"end":{"line":29,"column":35}},"loc":{"start":{"line":29,"column":40},"end":{"line":29,"column":86}},"line":29},"9":{"name":"handleAlertButtonClick","decl":{"start":{"line":39,"column":17},"end":{"line":39,"column":39}},"loc":{"start":{"line":39,"column":58},"end":{"line":61,"column":3}},"line":39},"10":{"name":"(anonymous_10)","decl":{"start":{"line":54,"column":40},"end":{"line":54,"column":41}},"loc":{"start":{"line":54,"column":45},"end":{"line":54,"column":64}},"line":54},"11":{"name":"(anonymous_11)","decl":{"start":{"line":56,"column":19},"end":{"line":56,"column":20}},"loc":{"start":{"line":56,"column":24},"end":{"line":58,"column":5}},"line":56},"12":{"name":"(anonymous_12)","decl":{"start":{"line":57,"column":30},"end":{"line":57,"column":31}},"loc":{"start":{"line":57,"column":36},"end":{"line":57,"column":106}},"line":57},"13":{"name":"init","decl":{"start":{"line":63,"column":11},"end":{"line":63,"column":15}},"loc":{"start":{"line":63,"column":18},"end":{"line":80,"column":3}},"line":63},"14":{"name":"attempt","decl":{"start":{"line":64,"column":13},"end":{"line":64,"column":20}},"loc":{"start":{"line":64,"column":23},"end":{"line":71,"column":5}},"line":64},"15":{"name":"(anonymous_15)","decl":{"start":{"line":76,"column":42},"end":{"line":76,"column":43}},"loc":{"start":{"line":76,"column":48},"end":{"line":78,"column":5}},"line":76}},"branchMap":{"0":{"loc":{"start":{"line":2,"column":21},"end":{"line":2,"column":76}},"type":"cond-expr","locations":[{"start":{"line":2,"column":53},"end":{"line":2,"column":69}},{"start":{"line":2,"column":72},"end":{"line":2,"column":76}}],"line":2},"1":{"loc":{"start":{"line":3,"column":23},"end":{"line":3,"column":80}},"type":"cond-expr","locations":[{"start":{"line":3,"column":55},"end":{"line":3,"column":73}},{"start":{"line":3,"column":76},"end":{"line":3,"column":80}}],"line":3},"2":{"loc":{"start":{"line":4,"column":26},"end":{"line":4,"column":86}},"type":"cond-expr","locations":[{"start":{"line":4,"column":58},"end":{"line":4,"column":79}},{"start":{"line":4,"column":82},"end":{"line":4,"column":86}}],"line":4},"3":{"loc":{"start":{"line":5,"column":26},"end":{"line":5,"column":86}},"type":"cond-expr","locations":[{"start":{"line":5,"column":58},"end":{"line":5,"column":79}},{"start":{"line":5,"column":82},"end":{"line":5,"column":86}}],"line":5},"4":{"loc":{"start":{"line":7,"column":27},"end":{"line":7,"column":72}},"type":"cond-expr","locations":[{"start":{"line":7,"column":56},"end":{"line":7,"column":59}},{"start":{"line":7,"column":62},"end":{"line":7,"column":72}}],"line":7},"5":{"loc":{"start":{"line":8,"column":29},"end":{"line":8,"column":80}},"type":"cond-expr","locations":[{"start":{"line":8,"column":60},"end":{"line":8,"column":65}},{"start":{"line":8,"column":68},"end":{"line":8,"column":80}}],"line":8},"6":{"loc":{"start":{"line":9,"column":32},"end":{"line":9,"column":92}},"type":"cond-expr","locations":[{"start":{"line":9,"column":66},"end":{"line":9,"column":74}},{"start":{"line":9,"column":77},"end":{"line":9,"column":92}}],"line":9},"7":{"loc":{"start":{"line":10,"column":32},"end":{"line":10,"column":92}},"type":"cond-expr","locations":[{"start":{"line":10,"column":66},"end":{"line":10,"column":74}},{"start":{"line":10,"column":77},"end":{"line":10,"column":92}}],"line":10},"8":{"loc":{"start":{"line":18,"column":11},"end":{"line":18,"column":52}},"type":"cond-expr","locations":[{"start":{"line":18,"column":21},"end":{"line":18,"column":47}},{"start":{"line":18,"column":50},"end":{"line":18,"column":52}}],"line":18},"9":{"loc":{"start":{"line":22,"column":4},"end":{"line":22,"column":58}},"type":"if","locations":[{"start":{"line":22,"column":4},"end":{"line":22,"column":58}},{"start":{},"end":{}}],"line":22},"10":{"loc":{"start":{"line":32,"column":4},"end":{"line":36,"column":5}},"type":"if","locations":[{"start":{"line":32,"column":4},"end":{"line":36,"column":5}},{"start":{"line":34,"column":11},"end":{"line":36,"column":5}}],"line":32},"11":{"loc":{"start":{"line":45,"column":22},"end":{"line":45,"column":98}},"type":"binary-expr","locations":[{"start":{"line":45,"column":22},"end":{"line":45,"column":65}},{"start":{"line":45,"column":69},"end":{"line":45,"column":98}}],"line":45},"12":{"loc":{"start":{"line":50,"column":6},"end":{"line":50,"column":62}},"type":"if","locations":[{"start":{"line":50,"column":6},"end":{"line":50,"column":62}},{"start":{},"end":{}}],"line":50},"13":{"loc":{"start":{"line":57,"column":55},"end":{"line":57,"column":104}},"type":"binary-expr","locations":[{"start":{"line":57,"column":55},"end":{"line":57,"column":98}},{"start":{"line":57,"column":102},"end":{"line":57,"column":104}}],"line":57},"14":{"loc":{"start":{"line":65,"column":6},"end":{"line":65,"column":41}},"type":"if","locations":[{"start":{"line":65,"column":6},"end":{"line":65,"column":41}},{"start":{},"end":{}}],"line":65},"15":{"loc":{"start":{"line":67,"column":6},"end":{"line":67,"column":46}},"type":"if","locations":[{"start":{"line":67,"column":6},"end":{"line":67,"column":46}},{"start":{},"end":{}}],"line":67},"16":{"loc":{"start":{"line":69,"column":6},"end":{"line":69,"column":49}},"type":"if","locations":[{"start":{"line":69,"column":6},"end":{"line":69,"column":49}},{"start":{},"end":{}}],"line":69},"17":{"loc":{"start":{"line":73,"column":4},"end":{"line":73,"column":26}},"type":"if","locations":[{"start":{"line":73,"column":4},"end":{"line":73,"column":26}},{"start":{},"end":{}}],"line":73},"18":{"loc":{"start":{"line":77,"column":6},"end":{"line":77,"column":43}},"type":"if","locations":[{"start":{"line":77,"column":6},"end":{"line":77,"column":43}},{"start":{},"end":{}}],"line":77},"19":{"loc":{"start":{"line":85,"column":0},"end":{"line":85,"column":63}},"type":"if","locations":[{"start":{"line":85,"column":0},"end":{"line":85,"column":63}},{"start":{},"end":{}}],"line":85}},"s":{"0":1,"1":1,"2":1,"3":1,"4":1,"5":10,"6":7,"7":7,"8":5,"9":14,"10":2,"11":2,"12":10,"13":2,"14":8,"15":8,"16":8,"17":8,"18":8,"19":2,"20":8,"21":8,"22":7,"23":1,"24":10,"25":10,"26":3,"27":3,"28":3,"29":3,"30":3,"31":3,"32":3,"33":3,"34":7,"35":6,"36":7,"37":7,"38":5,"39":5,"40":7,"41":6,"42":2,"43":4,"44":4,"45":1,"46":3,"47":3,"48":3,"49":3,"50":4,"51":2,"52":2,"53":2,"54":2,"55":2,"56":1,"57":1,"58":1},"f":{"0":1,"1":10,"2":7,"3":7,"4":5,"5":14,"6":2,"7":10,"8":2,"9":10,"10":6,"11":5,"12":5,"13":4,"14":6,"15":2},"b":{"0":[1,0],"1":[1,0],"2":[1,0],"3":[1,0],"4":[10,0],"5":[7,0],"6":[7,0],"7":[5,0],"8":[1,1],"9":[2,8],"10":[7,1],"11":[3,2],"12":[3,0],"13":[5,0],"14":[2,4],"15":[1,3],"16":[3,0],"17":[2,2],"18":[2,0],"19":[1,0]},"_coverageSchema":"1a1c01bbd47fc00a2c39e90264f33305004495a9","hash":"b2542b26138e3b0b3d9274c5e2af186777e5a1fb"}
,"/Users/seankao/Workplace/Projects/ffxiv-universalis-alert/src/modal.js": {"path":"/Users/seankao/Workplace/Projects/ffxiv-universalis-alert/src/modal.js","statementMap":{"0":{"start":{"line":1,"column":14},"end":{"line":401,"column":4}},"1":{"start":{"line":2,"column":20},"end":{"line":2,"column":86}},"2":{"start":{"line":4,"column":21},"end":{"line":4,"column":76}},"3":{"start":{"line":5,"column":26},"end":{"line":5,"column":86}},"4":{"start":{"line":6,"column":25},"end":{"line":6,"column":85}},"5":{"start":{"line":8,"column":20},"end":{"line":8,"column":73}},"6":{"start":{"line":9,"column":25},"end":{"line":9,"column":93}},"7":{"start":{"line":10,"column":24},"end":{"line":10,"column":89}},"8":{"start":{"line":12,"column":24},"end":{"line":12,"column":96}},"9":{"start":{"line":13,"column":24},"end":{"line":13,"column":61}},"10":{"start":{"line":14,"column":25},"end":{"line":14,"column":47}},"11":{"start":{"line":15,"column":28},"end":{"line":15,"column":40}},"12":{"start":{"line":18,"column":19},"end":{"line":18,"column":68}},"13":{"start":{"line":19,"column":20},"end":{"line":19,"column":70}},"14":{"start":{"line":20,"column":26},"end":{"line":20,"column":79}},"15":{"start":{"line":21,"column":19},"end":{"line":21,"column":76}},"16":{"start":{"line":22,"column":15},"end":{"line":22,"column":62}},"17":{"start":{"line":23,"column":4},"end":{"line":28,"column":6}},"18":{"start":{"line":32,"column":23},"end":{"line":32,"column":61}},"19":{"start":{"line":33,"column":19},"end":{"line":33,"column":80}},"20":{"start":{"line":34,"column":25},"end":{"line":34,"column":92}},"21":{"start":{"line":35,"column":26},"end":{"line":35,"column":65}},"22":{"start":{"line":36,"column":18},"end":{"line":36,"column":146}},"23":{"start":{"line":37,"column":4},"end":{"line":37,"column":153}},"24":{"start":{"line":41,"column":29},"end":{"line":41,"column":79}},"25":{"start":{"line":41,"column":68},"end":{"line":41,"column":77}},"26":{"start":{"line":42,"column":28},"end":{"line":42,"column":136}},"27":{"start":{"line":43,"column":31},"end":{"line":43,"column":73}},"28":{"start":{"line":44,"column":27},"end":{"line":44,"column":80}},"29":{"start":{"line":45,"column":17},"end":{"line":45,"column":55}},"30":{"start":{"line":48,"column":29},"end":{"line":48,"column":56}},"31":{"start":{"line":49,"column":26},"end":{"line":49,"column":61}},"32":{"start":{"line":50,"column":27},"end":{"line":50,"column":60}},"33":{"start":{"line":52,"column":23},"end":{"line":52,"column":29}},"34":{"start":{"line":53,"column":28},"end":{"line":60,"column":15}},"35":{"start":{"line":54,"column":22},"end":{"line":54,"column":67}},"36":{"start":{"line":55,"column":6},"end":{"line":59,"column":16}},"37":{"start":{"line":62,"column":24},"end":{"line":65,"column":21}},"38":{"start":{"line":67,"column":21},"end":{"line":69,"column":10}},"39":{"start":{"line":71,"column":4},"end":{"line":119,"column":17}},"40":{"start":{"line":88,"column":39},"end":{"line":88,"column":140}},"41":{"start":{"line":91,"column":40},"end":{"line":91,"column":127}},"42":{"start":{"line":94,"column":43},"end":{"line":94,"column":146}},"43":{"start":{"line":121,"column":17},"end":{"line":121,"column":60}},"44":{"start":{"line":122,"column":25},"end":{"line":122,"column":74}},"45":{"start":{"line":123,"column":20},"end":{"line":123,"column":67}},"46":{"start":{"line":124,"column":22},"end":{"line":124,"column":66}},"47":{"start":{"line":125,"column":21},"end":{"line":125,"column":61}},"48":{"start":{"line":128,"column":4},"end":{"line":130,"column":7}},"49":{"start":{"line":129,"column":6},"end":{"line":129,"column":52}},"50":{"start":{"line":132,"column":4},"end":{"line":134,"column":7}},"51":{"start":{"line":133,"column":6},"end":{"line":133,"column":95}},"52":{"start":{"line":133,"column":73},"end":{"line":133,"column":91}},"53":{"start":{"line":135,"column":4},"end":{"line":137,"column":7}},"54":{"start":{"line":136,"column":6},"end":{"line":136,"column":96}},"55":{"start":{"line":136,"column":73},"end":{"line":136,"column":92}},"56":{"start":{"line":138,"column":4},"end":{"line":138,"column":92}},"57":{"start":{"line":140,"column":4},"end":{"line":145,"column":5}},"58":{"start":{"line":141,"column":6},"end":{"line":144,"column":9}},"59":{"start":{"line":142,"column":8},"end":{"line":142,"column":27}},"60":{"start":{"line":143,"column":8},"end":{"line":143,"column":17}},"61":{"start":{"line":147,"column":4},"end":{"line":182,"column":7}},"62":{"start":{"line":148,"column":6},"end":{"line":148,"column":30}},"63":{"start":{"line":149,"column":6},"end":{"line":149,"column":40}},"64":{"start":{"line":150,"column":6},"end":{"line":150,"column":39}},"65":{"start":{"line":151,"column":6},"end":{"line":151,"column":38}},"66":{"start":{"line":153,"column":22},"end":{"line":153,"column":47}},"67":{"start":{"line":154,"column":31},"end":{"line":156,"column":7}},"68":{"start":{"line":155,"column":82},"end":{"line":155,"column":108}},"69":{"start":{"line":157,"column":22},"end":{"line":157,"column":48}},"70":{"start":{"line":158,"column":19},"end":{"line":158,"column":73}},"71":{"start":{"line":160,"column":6},"end":{"line":160,"column":45}},"72":{"start":{"line":162,"column":25},"end":{"line":171,"column":7}},"73":{"start":{"line":163,"column":8},"end":{"line":163,"column":41}},"74":{"start":{"line":164,"column":8},"end":{"line":170,"column":9}},"75":{"start":{"line":165,"column":10},"end":{"line":165,"column":55}},"76":{"start":{"line":166,"column":15},"end":{"line":170,"column":9}},"77":{"start":{"line":167,"column":10},"end":{"line":167,"column":78}},"78":{"start":{"line":169,"column":10},"end":{"line":169,"column":82}},"79":{"start":{"line":173,"column":6},"end":{"line":181,"column":7}},"80":{"start":{"line":174,"column":8},"end":{"line":174,"column":79}},"81":{"start":{"line":176,"column":8},"end":{"line":176,"column":40}},"82":{"start":{"line":177,"column":8},"end":{"line":177,"column":44}},"83":{"start":{"line":178,"column":8},"end":{"line":178,"column":42}},"84":{"start":{"line":179,"column":8},"end":{"line":179,"column":37}},"85":{"start":{"line":180,"column":8},"end":{"line":180,"column":33}},"86":{"start":{"line":186,"column":17},"end":{"line":203,"column":15}},"87":{"start":{"line":187,"column":25},"end":{"line":189,"column":16}},"88":{"start":{"line":188,"column":8},"end":{"line":188,"column":175}},"89":{"start":{"line":190,"column":6},"end":{"line":202,"column":16}},"90":{"start":{"line":205,"column":4},"end":{"line":213,"column":14}},"91":{"start":{"line":218,"column":4},"end":{"line":220,"column":5}},"92":{"start":{"line":219,"column":6},"end":{"line":219,"column":74}},"93":{"start":{"line":221,"column":20},"end":{"line":230,"column":5}},"94":{"start":{"line":222,"column":21},"end":{"line":222,"column":44}},"95":{"start":{"line":223,"column":6},"end":{"line":223,"column":52}},"96":{"start":{"line":223,"column":32},"end":{"line":223,"column":42}},"97":{"start":{"line":223,"column":43},"end":{"line":223,"column":50}},"98":{"start":{"line":224,"column":6},"end":{"line":224,"column":54}},"99":{"start":{"line":224,"column":36},"end":{"line":224,"column":44}},"100":{"start":{"line":224,"column":45},"end":{"line":224,"column":52}},"101":{"start":{"line":225,"column":18},"end":{"line":225,"column":51}},"102":{"start":{"line":226,"column":20},"end":{"line":226,"column":31}},"103":{"start":{"line":227,"column":6},"end":{"line":227,"column":25}},"104":{"start":{"line":227,"column":18},"end":{"line":227,"column":25}},"105":{"start":{"line":228,"column":6},"end":{"line":228,"column":43}},"106":{"start":{"line":228,"column":29},"end":{"line":228,"column":43}},"107":{"start":{"line":229,"column":6},"end":{"line":229,"column":62}},"108":{"start":{"line":229,"column":31},"end":{"line":229,"column":62}},"109":{"start":{"line":231,"column":4},"end":{"line":231,"column":42}},"110":{"start":{"line":232,"column":4},"end":{"line":232,"column":49}},"111":{"start":{"line":236,"column":4},"end":{"line":236,"column":17}},"112":{"start":{"line":238,"column":20},"end":{"line":238,"column":49}},"113":{"start":{"line":239,"column":4},"end":{"line":239,"column":36}},"114":{"start":{"line":240,"column":4},"end":{"line":240,"column":148}},"115":{"start":{"line":242,"column":27},"end":{"line":242,"column":56}},"116":{"start":{"line":243,"column":4},"end":{"line":243,"column":142}},"117":{"start":{"line":244,"column":4},"end":{"line":244,"column":40}},"118":{"start":{"line":245,"column":4},"end":{"line":245,"column":39}},"119":{"start":{"line":248,"column":22},"end":{"line":248,"column":70}},"120":{"start":{"line":248,"column":31},"end":{"line":248,"column":68}},"121":{"start":{"line":248,"column":55},"end":{"line":248,"column":68}},"122":{"start":{"line":249,"column":4},"end":{"line":249,"column":52}},"123":{"start":{"line":250,"column":4},"end":{"line":250,"column":35}},"124":{"start":{"line":253,"column":4},"end":{"line":253,"column":90}},"125":{"start":{"line":253,"column":47},"end":{"line":253,"column":86}},"126":{"start":{"line":253,"column":73},"end":{"line":253,"column":86}},"127":{"start":{"line":258,"column":6},"end":{"line":258,"column":36}},"128":{"start":{"line":259,"column":6},"end":{"line":270,"column":9}},"129":{"start":{"line":261,"column":27},"end":{"line":261,"column":61}},"130":{"start":{"line":263,"column":10},"end":{"line":266,"column":13}},"131":{"start":{"line":265,"column":12},"end":{"line":265,"column":37}},"132":{"start":{"line":268,"column":21},"end":{"line":268,"column":54}},"133":{"start":{"line":269,"column":23},"end":{"line":269,"column":35}},"134":{"start":{"line":274,"column":6},"end":{"line":274,"column":36}},"135":{"start":{"line":275,"column":21},"end":{"line":275,"column":91}},"136":{"start":{"line":275,"column":50},"end":{"line":275,"column":84}},"137":{"start":{"line":277,"column":21},"end":{"line":304,"column":7}},"138":{"start":{"line":278,"column":8},"end":{"line":278,"column":46}},"139":{"start":{"line":279,"column":28},"end":{"line":279,"column":52}},"140":{"start":{"line":280,"column":32},"end":{"line":280,"column":76}},"141":{"start":{"line":280,"column":56},"end":{"line":280,"column":75}},"142":{"start":{"line":281,"column":28},"end":{"line":281,"column":68}},"143":{"start":{"line":282,"column":8},"end":{"line":284,"column":11}},"144":{"start":{"line":283,"column":10},"end":{"line":283,"column":111}},"145":{"start":{"line":283,"column":40},"end":{"line":283,"column":108}},"146":{"start":{"line":287,"column":33},"end":{"line":287,"column":61}},"147":{"start":{"line":288,"column":35},"end":{"line":288,"column":81}},"148":{"start":{"line":289,"column":27},"end":{"line":291,"column":16}},"149":{"start":{"line":290,"column":34},"end":{"line":290,"column":84}},"150":{"start":{"line":293,"column":20},"end":{"line":293,"column":86}},"151":{"start":{"line":294,"column":8},"end":{"line":294,"column":80}},"152":{"start":{"line":297,"column":30},"end":{"line":297,"column":54}},"153":{"start":{"line":298,"column":34},"end":{"line":298,"column":80}},"154":{"start":{"line":298,"column":60},"end":{"line":298,"column":79}},"155":{"start":{"line":299,"column":30},"end":{"line":299,"column":72}},"156":{"start":{"line":300,"column":8},"end":{"line":302,"column":11}},"157":{"start":{"line":301,"column":10},"end":{"line":301,"column":111}},"158":{"start":{"line":301,"column":40},"end":{"line":301,"column":108}},"159":{"start":{"line":303,"column":8},"end":{"line":303,"column":36}},"160":{"start":{"line":306,"column":6},"end":{"line":306,"column":105}},"161":{"start":{"line":310,"column":4},"end":{"line":314,"column":5}},"162":{"start":{"line":311,"column":6},"end":{"line":311,"column":31}},"163":{"start":{"line":313,"column":6},"end":{"line":313,"column":27}},"164":{"start":{"line":318,"column":20},"end":{"line":318,"column":49}},"165":{"start":{"line":319,"column":4},"end":{"line":319,"column":36}},"166":{"start":{"line":320,"column":4},"end":{"line":320,"column":148}},"167":{"start":{"line":322,"column":27},"end":{"line":322,"column":56}},"168":{"start":{"line":323,"column":4},"end":{"line":323,"column":142}},"169":{"start":{"line":324,"column":4},"end":{"line":324,"column":40}},"170":{"start":{"line":326,"column":4},"end":{"line":326,"column":39}},"171":{"start":{"line":329,"column":22},"end":{"line":331,"column":5}},"172":{"start":{"line":330,"column":6},"end":{"line":330,"column":43}},"173":{"start":{"line":330,"column":30},"end":{"line":330,"column":43}},"174":{"start":{"line":332,"column":4},"end":{"line":332,"column":52}},"175":{"start":{"line":333,"column":4},"end":{"line":333,"column":35}},"176":{"start":{"line":336,"column":4},"end":{"line":338,"column":7}},"177":{"start":{"line":337,"column":6},"end":{"line":337,"column":45}},"178":{"start":{"line":337,"column":32},"end":{"line":337,"column":45}},"179":{"start":{"line":340,"column":26},"end":{"line":343,"column":5}},"180":{"start":{"line":341,"column":6},"end":{"line":341,"column":42}},"181":{"start":{"line":342,"column":6},"end":{"line":342,"column":19}},"182":{"start":{"line":345,"column":4},"end":{"line":345,"column":117}},"183":{"start":{"line":349,"column":21},"end":{"line":349,"column":64}},"184":{"start":{"line":350,"column":4},"end":{"line":355,"column":5}},"185":{"start":{"line":351,"column":6},"end":{"line":353,"column":7}},"186":{"start":{"line":352,"column":8},"end":{"line":352,"column":69}},"187":{"start":{"line":354,"column":6},"end":{"line":354,"column":24}},"188":{"start":{"line":359,"column":4},"end":{"line":359,"column":24}},"189":{"start":{"line":360,"column":4},"end":{"line":360,"column":37}},"190":{"start":{"line":361,"column":4},"end":{"line":361,"column":30}},"191":{"start":{"line":362,"column":18},"end":{"line":362,"column":37}},"192":{"start":{"line":363,"column":20},"end":{"line":363,"column":21}},"193":{"start":{"line":365,"column":20},"end":{"line":373,"column":7}},"194":{"start":{"line":366,"column":6},"end":{"line":372,"column":7}},"195":{"start":{"line":367,"column":8},"end":{"line":367,"column":51}},"196":{"start":{"line":369,"column":8},"end":{"line":369,"column":20}},"197":{"start":{"line":370,"column":8},"end":{"line":370,"column":62}},"198":{"start":{"line":371,"column":8},"end":{"line":371,"column":32}},"199":{"start":{"line":375,"column":21},"end":{"line":377,"column":22}},"200":{"start":{"line":376,"column":21},"end":{"line":376,"column":69}},"201":{"start":{"line":379,"column":4},"end":{"line":397,"column":5}},"202":{"start":{"line":380,"column":18},"end":{"line":380,"column":70}},"203":{"start":{"line":381,"column":6},"end":{"line":381,"column":28}},"204":{"start":{"line":381,"column":15},"end":{"line":381,"column":28}},"205":{"start":{"line":383,"column":6},"end":{"line":385,"column":7}},"206":{"start":{"line":384,"column":8},"end":{"line":384,"column":23}},"207":{"start":{"line":387,"column":6},"end":{"line":387,"column":30}},"208":{"start":{"line":388,"column":6},"end":{"line":388,"column":63}},"209":{"start":{"line":389,"column":6},"end":{"line":389,"column":27}},"210":{"start":{"line":390,"column":6},"end":{"line":390,"column":30}},"211":{"start":{"line":392,"column":18},"end":{"line":392,"column":70}},"212":{"start":{"line":393,"column":29},"end":{"line":393,"column":68}},"213":{"start":{"line":394,"column":6},"end":{"line":396,"column":18}},"214":{"start":{"line":395,"column":18},"end":{"line":395,"column":185}},"215":{"start":{"line":400,"column":2},"end":{"line":400,"column":96}},"216":{"start":{"line":403,"column":0},"end":{"line":403,"column":58}},"217":{"start":{"line":403,"column":35},"end":{"line":403,"column":58}}},"fnMap":{"0":{"name":"(anonymous_0)","decl":{"start":{"line":1,"column":15},"end":{"line":1,"column":16}},"loc":{"start":{"line":1,"column":21},"end":{"line":401,"column":1}},"line":1},"1":{"name":"_API","decl":{"start":{"line":8,"column":11},"end":{"line":8,"column":15}},"loc":{"start":{"line":8,"column":18},"end":{"line":8,"column":75}},"line":8},"2":{"name":"_Grouping","decl":{"start":{"line":9,"column":11},"end":{"line":9,"column":20}},"loc":{"start":{"line":9,"column":23},"end":{"line":9,"column":95}},"line":9},"3":{"name":"_SaveOps","decl":{"start":{"line":10,"column":11},"end":{"line":10,"column":19}},"loc":{"start":{"line":10,"column":22},"end":{"line":10,"column":91}},"line":10},"4":{"name":"buildTriggerFromForm","decl":{"start":{"line":17,"column":11},"end":{"line":17,"column":31}},"loc":{"start":{"line":17,"column":38},"end":{"line":29,"column":3}},"line":17},"5":{"name":"formatRule","decl":{"start":{"line":31,"column":11},"end":{"line":31,"column":21}},"loc":{"start":{"line":31,"column":31},"end":{"line":38,"column":3}},"line":31},"6":{"name":"renderFormView","decl":{"start":{"line":40,"column":11},"end":{"line":40,"column":25}},"loc":{"start":{"line":40,"column":98},"end":{"line":183,"column":3}},"line":40},"7":{"name":"(anonymous_7)","decl":{"start":{"line":41,"column":63},"end":{"line":41,"column":64}},"loc":{"start":{"line":41,"column":68},"end":{"line":41,"column":77}},"line":41},"8":{"name":"(anonymous_8)","decl":{"start":{"line":53,"column":49},"end":{"line":53,"column":50}},"loc":{"start":{"line":53,"column":54},"end":{"line":60,"column":5}},"line":53},"9":{"name":"(anonymous_9)","decl":{"start":{"line":88,"column":34},"end":{"line":88,"column":35}},"loc":{"start":{"line":88,"column":39},"end":{"line":88,"column":140}},"line":88},"10":{"name":"(anonymous_10)","decl":{"start":{"line":91,"column":35},"end":{"line":91,"column":36}},"loc":{"start":{"line":91,"column":40},"end":{"line":91,"column":127}},"line":91},"11":{"name":"(anonymous_11)","decl":{"start":{"line":94,"column":38},"end":{"line":94,"column":39}},"loc":{"start":{"line":94,"column":43},"end":{"line":94,"column":146}},"line":94},"12":{"name":"(anonymous_12)","decl":{"start":{"line":128,"column":43},"end":{"line":128,"column":44}},"loc":{"start":{"line":128,"column":49},"end":{"line":130,"column":5}},"line":128},"13":{"name":"(anonymous_13)","decl":{"start":{"line":132,"column":84},"end":{"line":132,"column":85}},"loc":{"start":{"line":132,"column":90},"end":{"line":134,"column":5}},"line":132},"14":{"name":"(anonymous_14)","decl":{"start":{"line":133,"column":65},"end":{"line":133,"column":66}},"loc":{"start":{"line":133,"column":71},"end":{"line":133,"column":93}},"line":133},"15":{"name":"(anonymous_15)","decl":{"start":{"line":135,"column":83},"end":{"line":135,"column":84}},"loc":{"start":{"line":135,"column":89},"end":{"line":137,"column":5}},"line":135},"16":{"name":"(anonymous_16)","decl":{"start":{"line":136,"column":65},"end":{"line":136,"column":66}},"loc":{"start":{"line":136,"column":71},"end":{"line":136,"column":94}},"line":136},"17":{"name":"(anonymous_17)","decl":{"start":{"line":141,"column":80},"end":{"line":141,"column":81}},"loc":{"start":{"line":141,"column":87},"end":{"line":144,"column":7}},"line":141},"18":{"name":"(anonymous_18)","decl":{"start":{"line":147,"column":38},"end":{"line":147,"column":39}},"loc":{"start":{"line":147,"column":50},"end":{"line":182,"column":5}},"line":147},"19":{"name":"(anonymous_19)","decl":{"start":{"line":155,"column":76},"end":{"line":155,"column":77}},"loc":{"start":{"line":155,"column":82},"end":{"line":155,"column":108}},"line":155},"20":{"name":"(anonymous_20)","decl":{"start":{"line":162,"column":25},"end":{"line":162,"column":26}},"loc":{"start":{"line":162,"column":58},"end":{"line":171,"column":7}},"line":162},"21":{"name":"renderListView","decl":{"start":{"line":185,"column":11},"end":{"line":185,"column":25}},"loc":{"start":{"line":185,"column":101},"end":{"line":233,"column":3}},"line":185},"22":{"name":"(anonymous_22)","decl":{"start":{"line":186,"column":28},"end":{"line":186,"column":29}},"loc":{"start":{"line":186,"column":40},"end":{"line":203,"column":5}},"line":186},"23":{"name":"(anonymous_23)","decl":{"start":{"line":187,"column":38},"end":{"line":187,"column":39}},"loc":{"start":{"line":188,"column":8},"end":{"line":188,"column":175}},"line":188},"24":{"name":"(anonymous_24)","decl":{"start":{"line":221,"column":20},"end":{"line":221,"column":21}},"loc":{"start":{"line":221,"column":27},"end":{"line":230,"column":5}},"line":221},"25":{"name":"openBulkModal","decl":{"start":{"line":235,"column":11},"end":{"line":235,"column":24}},"loc":{"start":{"line":235,"column":55},"end":{"line":315,"column":3}},"line":235},"26":{"name":"(anonymous_26)","decl":{"start":{"line":248,"column":22},"end":{"line":248,"column":23}},"loc":{"start":{"line":248,"column":29},"end":{"line":248,"column":70}},"line":248},"27":{"name":"(anonymous_27)","decl":{"start":{"line":253,"column":38},"end":{"line":253,"column":39}},"loc":{"start":{"line":253,"column":45},"end":{"line":253,"column":88}},"line":253},"28":{"name":"showListView","decl":{"start":{"line":257,"column":13},"end":{"line":257,"column":25}},"loc":{"start":{"line":257,"column":41},"end":{"line":271,"column":5}},"line":257},"29":{"name":"(anonymous_29)","decl":{"start":{"line":261,"column":16},"end":{"line":261,"column":17}},"loc":{"start":{"line":261,"column":27},"end":{"line":261,"column":61}},"line":261},"30":{"name":"(anonymous_30)","decl":{"start":{"line":262,"column":18},"end":{"line":262,"column":19}},"loc":{"start":{"line":262,"column":39},"end":{"line":267,"column":9}},"line":262},"31":{"name":"(anonymous_31)","decl":{"start":{"line":263,"column":60},"end":{"line":263,"column":61}},"loc":{"start":{"line":263,"column":66},"end":{"line":266,"column":11}},"line":263},"32":{"name":"(anonymous_32)","decl":{"start":{"line":268,"column":15},"end":{"line":268,"column":16}},"loc":{"start":{"line":268,"column":21},"end":{"line":268,"column":54}},"line":268},"33":{"name":"(anonymous_33)","decl":{"start":{"line":269,"column":17},"end":{"line":269,"column":18}},"loc":{"start":{"line":269,"column":23},"end":{"line":269,"column":35}},"line":269},"34":{"name":"showFormView","decl":{"start":{"line":273,"column":13},"end":{"line":273,"column":25}},"loc":{"start":{"line":273,"column":55},"end":{"line":307,"column":5}},"line":273},"35":{"name":"(anonymous_35)","decl":{"start":{"line":275,"column":44},"end":{"line":275,"column":45}},"loc":{"start":{"line":275,"column":50},"end":{"line":275,"column":84}},"line":275},"36":{"name":"(anonymous_36)","decl":{"start":{"line":277,"column":21},"end":{"line":277,"column":22}},"loc":{"start":{"line":277,"column":54},"end":{"line":304,"column":7}},"line":277},"37":{"name":"(anonymous_37)","decl":{"start":{"line":280,"column":51},"end":{"line":280,"column":52}},"loc":{"start":{"line":280,"column":56},"end":{"line":280,"column":75}},"line":280},"38":{"name":"(anonymous_38)","decl":{"start":{"line":282,"column":28},"end":{"line":282,"column":29}},"loc":{"start":{"line":282,"column":33},"end":{"line":284,"column":9}},"line":282},"39":{"name":"(anonymous_39)","decl":{"start":{"line":283,"column":34},"end":{"line":283,"column":35}},"loc":{"start":{"line":283,"column":40},"end":{"line":283,"column":108}},"line":283},"40":{"name":"(anonymous_40)","decl":{"start":{"line":290,"column":29},"end":{"line":290,"column":30}},"loc":{"start":{"line":290,"column":34},"end":{"line":290,"column":84}},"line":290},"41":{"name":"(anonymous_41)","decl":{"start":{"line":298,"column":55},"end":{"line":298,"column":56}},"loc":{"start":{"line":298,"column":60},"end":{"line":298,"column":79}},"line":298},"42":{"name":"(anonymous_42)","decl":{"start":{"line":300,"column":30},"end":{"line":300,"column":31}},"loc":{"start":{"line":300,"column":35},"end":{"line":302,"column":9}},"line":300},"43":{"name":"(anonymous_43)","decl":{"start":{"line":301,"column":34},"end":{"line":301,"column":35}},"loc":{"start":{"line":301,"column":40},"end":{"line":301,"column":108}},"line":301},"44":{"name":"openModal","decl":{"start":{"line":317,"column":11},"end":{"line":317,"column":20}},"loc":{"start":{"line":317,"column":82},"end":{"line":346,"column":3}},"line":317},"45":{"name":"(anonymous_45)","decl":{"start":{"line":329,"column":22},"end":{"line":329,"column":23}},"loc":{"start":{"line":329,"column":29},"end":{"line":331,"column":5}},"line":329},"46":{"name":"(anonymous_46)","decl":{"start":{"line":336,"column":38},"end":{"line":336,"column":39}},"loc":{"start":{"line":336,"column":45},"end":{"line":338,"column":5}},"line":336},"47":{"name":"(anonymous_47)","decl":{"start":{"line":340,"column":26},"end":{"line":340,"column":27}},"loc":{"start":{"line":340,"column":59},"end":{"line":343,"column":5}},"line":340},"48":{"name":"closeModal","decl":{"start":{"line":348,"column":11},"end":{"line":348,"column":21}},"loc":{"start":{"line":348,"column":24},"end":{"line":356,"column":3}},"line":348},"49":{"name":"handleListDelete","decl":{"start":{"line":358,"column":17},"end":{"line":358,"column":33}},"loc":{"start":{"line":358,"column":76},"end":{"line":398,"column":3}},"line":358},"50":{"name":"(anonymous_50)","decl":{"start":{"line":365,"column":62},"end":{"line":365,"column":63}},"loc":{"start":{"line":365,"column":75},"end":{"line":373,"column":5}},"line":365},"51":{"name":"(anonymous_51)","decl":{"start":{"line":376,"column":11},"end":{"line":376,"column":12}},"loc":{"start":{"line":376,"column":21},"end":{"line":376,"column":69}},"line":376},"52":{"name":"(anonymous_52)","decl":{"start":{"line":395,"column":13},"end":{"line":395,"column":14}},"loc":{"start":{"line":395,"column":18},"end":{"line":395,"column":185}},"line":395}},"branchMap":{"0":{"loc":{"start":{"line":2,"column":20},"end":{"line":2,"column":86}},"type":"cond-expr","locations":[{"start":{"line":2,"column":54},"end":{"line":2,"column":62}},{"start":{"line":2,"column":65},"end":{"line":2,"column":86}}],"line":2},"1":{"loc":{"start":{"line":4,"column":21},"end":{"line":4,"column":76}},"type":"cond-expr","locations":[{"start":{"line":4,"column":53},"end":{"line":4,"column":69}},{"start":{"line":4,"column":72},"end":{"line":4,"column":76}}],"line":4},"2":{"loc":{"start":{"line":5,"column":26},"end":{"line":5,"column":86}},"type":"cond-expr","locations":[{"start":{"line":5,"column":58},"end":{"line":5,"column":79}},{"start":{"line":5,"column":82},"end":{"line":5,"column":86}}],"line":5},"3":{"loc":{"start":{"line":6,"column":25},"end":{"line":6,"column":85}},"type":"cond-expr","locations":[{"start":{"line":6,"column":57},"end":{"line":6,"column":78}},{"start":{"line":6,"column":81},"end":{"line":6,"column":85}}],"line":6},"4":{"loc":{"start":{"line":8,"column":27},"end":{"line":8,"column":72}},"type":"cond-expr","locations":[{"start":{"line":8,"column":56},"end":{"line":8,"column":59}},{"start":{"line":8,"column":62},"end":{"line":8,"column":72}}],"line":8},"5":{"loc":{"start":{"line":9,"column":32},"end":{"line":9,"column":92}},"type":"cond-expr","locations":[{"start":{"line":9,"column":66},"end":{"line":9,"column":74}},{"start":{"line":9,"column":77},"end":{"line":9,"column":92}}],"line":9},"6":{"loc":{"start":{"line":10,"column":31},"end":{"line":10,"column":88}},"type":"cond-expr","locations":[{"start":{"line":10,"column":64},"end":{"line":10,"column":71}},{"start":{"line":10,"column":74},"end":{"line":10,"column":88}}],"line":10},"7":{"loc":{"start":{"line":24,"column":15},"end":{"line":24,"column":31}},"type":"cond-expr","locations":[{"start":{"line":24,"column":20},"end":{"line":24,"column":26}},{"start":{"line":24,"column":29},"end":{"line":24,"column":31}}],"line":24},"8":{"loc":{"start":{"line":32,"column":23},"end":{"line":32,"column":61}},"type":"cond-expr","locations":[{"start":{"line":32,"column":52},"end":{"line":32,"column":55}},{"start":{"line":32,"column":58},"end":{"line":32,"column":61}}],"line":32},"9":{"loc":{"start":{"line":36,"column":21},"end":{"line":36,"column":70}},"type":"binary-expr","locations":[{"start":{"line":36,"column":21},"end":{"line":36,"column":51}},{"start":{"line":36,"column":55},"end":{"line":36,"column":70}}],"line":36},"10":{"loc":{"start":{"line":36,"column":74},"end":{"line":36,"column":120}},"type":"binary-expr","locations":[{"start":{"line":36,"column":74},"end":{"line":36,"column":102}},{"start":{"line":36,"column":106},"end":{"line":36,"column":120}}],"line":36},"11":{"loc":{"start":{"line":37,"column":11},"end":{"line":37,"column":152}},"type":"cond-expr","locations":[{"start":{"line":37,"column":44},"end":{"line":37,"column":144}},{"start":{"line":37,"column":147},"end":{"line":37,"column":152}}],"line":37},"12":{"loc":{"start":{"line":41,"column":38},"end":{"line":41,"column":57}},"type":"binary-expr","locations":[{"start":{"line":41,"column":38},"end":{"line":41,"column":51}},{"start":{"line":41,"column":55},"end":{"line":41,"column":57}}],"line":41},"13":{"loc":{"start":{"line":42,"column":28},"end":{"line":42,"column":136}},"type":"binary-expr","locations":[{"start":{"line":42,"column":28},"end":{"line":42,"column":42}},{"start":{"line":42,"column":46},"end":{"line":42,"column":136}}],"line":42},"14":{"loc":{"start":{"line":48,"column":29},"end":{"line":48,"column":56}},"type":"binary-expr","locations":[{"start":{"line":48,"column":29},"end":{"line":48,"column":50}},{"start":{"line":48,"column":54},"end":{"line":48,"column":56}}],"line":48},"15":{"loc":{"start":{"line":49,"column":26},"end":{"line":49,"column":61}},"type":"bina
[...]
":{"line":18,"column":8},"end":{"line":18,"column":40}},"11":{"start":{"line":21,"column":6},"end":{"line":32,"column":7}},"12":{"start":{"line":21,"column":25},"end":{"line":21,"column":26}},"13":{"start":{"line":22,"column":20},"end":{"line":22,"column":45}},"14":{"start":{"line":23,"column":8},"end":{"line":23,"column":37}},"15":{"start":{"line":25,"column":8},"end":{"line":25,"column":43}},"16":{"start":{"line":25,"column":32},"end":{"line":25,"column":43}},"17":{"start":{"line":27,"column":8},"end":{"line":31,"column":9}},"18":{"start":{"line":28,"column":29},"end":{"line":28,"column":49}},"19":{"start":{"line":29,"column":26},"end":{"line":29,"column":78}},"20":{"start":{"line":30,"column":10},"end":{"line":30,"column":31}},"21":{"start":{"line":35,"column":6},"end":{"line":35,"column":35}},"22":{"start":{"line":36,"column":6},"end":{"line":36,"column":64}},"23":{"start":{"line":36,"column":58},"end":{"line":36,"column":60}},"24":{"start":{"line":40,"column":4},"end":{"line":40,"column":36}},"25":{"start":{"line":41,"column":4},"end":{"line":41,"column":19}},"26":{"start":{"line":45,"column":19},"end":{"line":45,"column":83}},"27":{"start":{"line":46,"column":4},"end":{"line":46,"column":29}},"28":{"start":{"line":46,"column":17},"end":{"line":46,"column":29}},"29":{"start":{"line":47,"column":20},"end":{"line":47,"column":34}},"30":{"start":{"line":48,"column":4},"end":{"line":48,"column":50}},"31":{"start":{"line":52,"column":4},"end":{"line":52,"column":59}},"32":{"start":{"line":52,"column":34},"end":{"line":52,"column":57}},"33":{"start":{"line":57,"column":4},"end":{"line":57,"column":24}},"34":{"start":{"line":58,"column":4},"end":{"line":58,"column":30}},"35":{"start":{"line":61,"column":2},"end":{"line":61,"column":38}},"36":{"start":{"line":64,"column":0},"end":{"line":64,"column":62}},"37":{"start":{"line":64,"column":35},"end":{"line":64,"column":62}}},"fnMap":{"0":{"name":"(anonymous_0)","decl":{"start":{"line":1,"column":19},"end":{"line":1,"column":20}},"loc":{"start":{"line":1,"column":25},"end":{"line":62,"column":1}},"line":1},"1":{"name":"rateLimitedFetch","decl":{"start":{"line":13,"column":11},"end":{"line":13,"column":27}},"loc":{"start":{"line":13,"column":42},"end":{"line":42,"column":3}},"line":13},"2":{"name":"(anonymous_2)","decl":{"start":{"line":14,"column":31},"end":{"line":14,"column":32}},"loc":{"start":{"line":14,"column":43},"end":{"line":37,"column":5}},"line":14},"3":{"name":"(anonymous_3)","decl":{"start":{"line":36,"column":45},"end":{"line":36,"column":46}},"loc":{"start":{"line":36,"column":58},"end":{"line":36,"column":60}},"line":36},"4":{"name":"(anonymous_4)","decl":{"start":{"line":40,"column":26},"end":{"line":40,"column":27}},"loc":{"start":{"line":40,"column":32},"end":{"line":40,"column":34}},"line":40},"5":{"name":"parseRetryAfter","decl":{"start":{"line":44,"column":11},"end":{"line":44,"column":26}},"loc":{"start":{"line":44,"column":32},"end":{"line":49,"column":3}},"line":44},"6":{"name":"sleep","decl":{"start":{"line":51,"column":11},"end":{"line":51,"column":16}},"loc":{"start":{"line":51,"column":21},"end":{"line":53,"column":3}},"line":51},"7":{"name":"(anonymous_7)","decl":{"start":{"line":52,"column":23},"end":{"line":52,"column":24}},"loc":{"start":{"line":52,"column":34},"end":{"line":52,"column":57}},"line":52},"8":{"name":"_reset","decl":{"start":{"line":56,"column":11},"end":{"line":56,"column":17}},"loc":{"start":{"line":56,"column":20},"end":{"line":59,"column":3}},"line":56}},"branchMap":{"0":{"loc":{"start":{"line":17,"column":6},"end":{"line":19,"column":7}},"type":"if","locations":[{"start":{"line":17,"column":6},"end":{"line":19,"column":7}},{"start":{},"end":{}}],"line":17},"1":{"loc":{"start":{"line":25,"column":8},"end":{"line":25,"column":43}},"type":"if","locations":[{"start":{"line":25,"column":8},"end":{"line":25,"column":43}},{"start":{},"end":{}}],"line":25},"2":{"loc":{"start":{"line":27,"column":8},"end":{"line":31,"column":9}},"type":"if","locations":[{"start":{"line":27,"column":8},"end":{"line":31,"column":9}},{"start":{},"end":{}}],"line":27},"3":{"loc":{"start":{"line":29,"column":26},"end":{"line":29,"column":78}},"type":"binary-expr","locations":[{"start":{"line":29,"column":26},"end":{"line":29,"column":36}},{"start":{"line":29,"column":40},"end":{"line":29,"column":78}}],"line":29},"4":{"loc":{"start":{"line":45,"column":19},"end":{"line":45,"column":83}},"type":"binary-expr","locations":[{"start":{"line":45,"column":19},"end":{"line":45,"column":30}},{"start":{"line":45,"column":34},"end":{"line":45,"column":49}},{"start":{"line":45,"column":53},"end":{"line":45,"column":83}}],"line":45},"5":{"loc":{"start":{"line":46,"column":4},"end":{"line":46,"column":29}},"type":"if","locations":[{"start":{"line":46,"column":4},"end":{"line":46,"column":29}},{"start":{},"end":{}}],"line":46},"6":{"loc":{"start":{"line":48,"column":11},"end":{"line":48,"column":49}},"type":"cond-expr","locations":[{"start":{"line":48,"column":28},"end":{"line":48,"column":32}},{"start":{"line":48,"column":35},"end":{"line":48,"column":49}}],"line":48},"7":{"loc":{"start":{"line":64,"column":0},"end":{"line":64,"column":62}},"type":"if","locations":[{"start":{"line":64,"column":0},"end":{"line":64,"column":62}},{"start":{},"end":{}}],"line":64}},"s":{"0":7,"1":7,"2":7,"3":7,"4":7,"5":7,"6":17,"7":17,"8":17,"9":17,"10":2,"11":17,"12":17,"13":22,"14":21,"15":21,"16":15,"17":6,"18":5,"19":5,"20":5,"21":1,"22":1,"23":0,"24":17,"25":17,"26":5,"27":5,"28":3,"29":2,"30":2,"31":7,"32":7,"33":14,"34":14,"35":7,"36":7,"37":7},"f":{"0":7,"1":17,"2":17,"3":0,"4":1,"5":5,"6":7,"7":7,"8":14},"b":{"0":[2,15],"1":[15,6],"2":[5,1],"3":[5,4],"4":[5,5,5],"5":[3,2],"6":[0,2],"7":[7,0]},"_coverageSchema":"1a1c01bbd47fc00a2c39e90264f33305004495a9","hash":"67c19b90cd2d9ba4077b813b560c86f2ffb45ad3"}
,"/Users/seankao/Workplace/Projects/ffxiv-universalis-alert/src/save-ops.js": {"path":"/Users/seankao/Workplace/Projects/ffxiv-universalis-alert/src/save-ops.js","statementMap":{"0":{"start":{"line":1,"column":16},"end":{"line":116,"column":4}},"1":{"start":{"line":4,"column":20},"end":{"line":4,"column":86}},"2":{"start":{"line":5,"column":15},"end":{"line":5,"column":66}},"3":{"start":{"line":14,"column":24},"end":{"line":14,"column":26}},"4":{"start":{"line":15,"column":32},"end":{"line":15,"column":34}},"5":{"start":{"line":17,"column":30},"end":{"line":17,"column":39}},"6":{"start":{"line":18,"column":4},"end":{"line":22,"column":5}},"7":{"start":{"line":19,"column":6},"end":{"line":21,"column":7}},"8":{"start":{"line":20,"column":8},"end":{"line":20,"column":44}},"9":{"start":{"line":24,"column":26},"end":{"line":24,"column":71}},"10":{"start":{"line":26,"column":4},"end":{"line":47,"column":5}},"11":{"start":{"line":27,"column":23},"end":{"line":27,"column":59}},"12":{"start":{"line":28,"column":25},"end":{"line":28,"column":70}},"13":{"start":{"line":30,"column":6},"end":{"line":46,"column":7}},"14":{"start":{"line":32,"column":8},"end":{"line":32,"column":32}},"15":{"start":{"line":33,"column":13},"end":{"line":46,"column":7}},"16":{"start":{"line":35,"column":8},"end":{"line":35,"column":128}},"17":{"start":{"line":36,"column":13},"end":{"line":46,"column":7}},"18":{"start":{"line":37,"column":35},"end":{"line":37,"column":76}},"19":{"start":{"line":38,"column":31},"end":{"line":38,"column":67}},"20":{"start":{"line":39,"column":28},"end":{"line":39,"column":57}},"21":{"start":{"line":40,"column":8},"end":{"line":44,"column":9}},"22":{"start":{"line":42,"column":10},"end":{"line":42,"column":34}},"23":{"start":{"line":43,"column":10},"end":{"line":43,"column":130}},"24":{"start":{"line":49,"column":4},"end":{"line":49,"column":48}},"25":{"start":{"line":62,"column":4},"end":{"line":90,"column":5}},"26":{"start":{"line":63,"column":24},"end":{"line":63,"column":46}},"27":{"start":{"line":64,"column":26},"end":{"line":64,"column":27}},"28":{"start":{"line":65,"column":22},"end":{"line":81,"column":7}},"29":{"start":{"line":67,"column":10},"end":{"line":79,"column":11}},"30":{"start":{"line":68,"column":12},"end":{"line":75,"column":15}},"31":{"start":{"line":77,"column":12},"end":{"line":77,"column":28}},"32":{"start":{"line":78,"column":12},"end":{"line":78,"column":92}},"33":{"start":{"line":83,"column":28},"end":{"line":85,"column":30}},"34":{"start":{"line":84,"column":23},"end":{"line":84,"column":55}},"35":{"start":{"line":85,"column":21},"end":{"line":85,"column":29}},"36":{"start":{"line":86,"column":6},"end":{"line":89,"column":7}},"37":{"start":{"line":87,"column":22},"end":{"line":87,"column":115}},"38":{"start":{"line":87,"column":45},"end":{"line":87,"column":103}},"39":{"start":{"line":88,"column":8},"end":{"line":88,"column":63}},"40":{"start":{"line":92,"column":4},"end":{"line":112,"column":5}},"41":{"start":{"line":93,"column":26},"end":{"line":93,"column":56}},"42":{"start":{"line":94,"column":28},"end":{"line":94,"column":29}},"43":{"start":{"line":95,"column":28},"end":{"line":104,"column":7}},"44":{"start":{"line":97,"column":10},"end":{"line":102,"column":11}},"45":{"start":{"line":98,"column":12},"end":{"line":98,"column":57}},"46":{"start":{"line":100,"column":12},"end":{"line":100,"column":30}},"47":{"start":{"line":101,"column":12},"end":{"line":101,"column":96}},"48":{"start":{"line":105,"column":34},"end":{"line":107,"column":30}},"49":{"start":{"line":106,"column":23},"end":{"line":106,"column":55}},"50":{"start":{"line":107,"column":21},"end":{"line":107,"column":29}},"51":{"start":{"line":108,"column":6},"end":{"line":111,"column":7}},"52":{"start":{"line":109,"column":22},"end":{"line":109,"column":137}},"53":{"start":{"line":109,"column":51},"end":{"line":109,"column":125}},"54":{"start":{"line":110,"column":8},"end":{"line":110,"column":119}},"55":{"start":{"line":115,"column":2},"end":{"line":115,"column":44}},"56":{"start":{"line":118,"column":0},"end":{"line":118,"column":60}},"57":{"start":{"line":118,"column":35},"end":{"line":118,"column":60}}},"fnMap":{"0":{"name":"(anonymous_0)","decl":{"start":{"line":1,"column":17},"end":{"line":1,"column":18}},"loc":{"start":{"line":1,"column":23},"end":{"line":116,"column":1}},"line":1},"1":{"name":"computeSaveOps","decl":{"start":{"line":13,"column":11},"end":{"line":13,"column":25}},"loc":{"start":{"line":13,"column":52},"end":{"line":50,"column":3}},"line":13},"2":{"name":"executeSaveOps","decl":{"start":{"line":61,"column":17},"end":{"line":61,"column":31}},"loc":{"start":{"line":61,"column":77},"end":{"line":113,"column":3}},"line":61},"3":{"name":"(anonymous_3)","decl":{"start":{"line":66,"column":28},"end":{"line":66,"column":29}},"loc":{"start":{"line":66,"column":45},"end":{"line":80,"column":9}},"line":66},"4":{"name":"(anonymous_4)","decl":{"start":{"line":84,"column":13},"end":{"line":84,"column":14}},"loc":{"start":{"line":84,"column":23},"end":{"line":84,"column":55}},"line":84},"5":{"name":"(anonymous_5)","decl":{"start":{"line":85,"column":16},"end":{"line":85,"column":17}},"loc":{"start":{"line":85,"column":21},"end":{"line":85,"column":29}},"line":85},"6":{"name":"(anonymous_6)","decl":{"start":{"line":87,"column":40},"end":{"line":87,"column":41}},"loc":{"start":{"line":87,"column":45},"end":{"line":87,"column":103}},"line":87},"7":{"name":"(anonymous_7)","decl":{"start":{"line":96,"column":36},"end":{"line":96,"column":37}},"loc":{"start":{"line":96,"column":53},"end":{"line":103,"column":9}},"line":96},"8":{"name":"(anonymous_8)","decl":{"start":{"line":106,"column":13},"end":{"line":106,"column":14}},"loc":{"start":{"line":106,"column":23},"end":{"line":106,"column":55}},"line":106},"9":{"name":"(anonymous_9)","decl":{"start":{"line":107,"column":16},"end":{"line":107,"column":17}},"loc":{"start":{"line":107,"column":21},"end":{"line":107,"column":29}},"line":107},"10":{"name":"(anonymous_10)","decl":{"start":{"line":109,"column":46},"end":{"line":109,"column":47}},"loc":{"start":{"line":109,"column":51},"end":{"line":109,"column":125}},"line":109}},"branchMap":{"0":{"loc":{"start":{"line":4,"column":20},"end":{"line":4,"column":86}},"type":"cond-expr","locations":[{"start":{"line":4,"column":54},"end":{"line":4,"column":62}},{"start":{"line":4,"column":65},"end":{"line":4,"column":86}}],"line":4},"1":{"loc":{"start":{"line":5,"column":15},"end":{"line":5,"column":66}},"type":"cond-expr","locations":[{"start":{"line":5,"column":44},"end":{"line":5,"column":47}},{"start":{"line":5,"column":50},"end":{"line":5,"column":66}}],"line":5},"2":{"loc":{"start":{"line":18,"column":4},"end":{"line":22,"column":5}},"type":"if","locations":[{"start":{"line":18,"column":4},"end":{"line":22,"column":5}},{"start":{},"end":{}}],"line":18},"3":{"loc":{"start":{"line":30,"column":6},"end":{"line":46,"column":7}},"type":"if","locations":[{"start":{"line":30,"column":6},"end":{"line":46,"column":7}},{"start":{"line":33,"column":13},"end":{"line":46,"column":7}}],"line":30},"4":{"loc":{"start":{"line":30,"column":10},"end":{"line":30,"column":33}},"type":"binary-expr","locations":[{"start":{"line":30,"column":10},"end":{"line":30,"column":20}},{"start":{"line":30,"column":24},"end":{"line":30,"column":33}}],"line":30},"5":{"loc":{"start":{"line":33,"column":13},"end":{"line":46,"column":7}},"type":"if","locations":[{"start":{"line":33,"column":13},"end":{"line":46,"column":7}},{"start":{"line":36,"column":13},"end":{"line":46,"column":7}}],"line":33},"6":{"loc":{"start":{"line":33,"column":17},"end":{"line":33,"column":40}},"type":"binary-expr","locations":[{"start":{"line":33,"column":17},"end":{"line":33,"column":28}},{"start":{"line":33,"column":32},"end":{"line":33,"column":40}}],"line":33},"7":{"loc":{"start":{"line":35,"column":100},"end":{"line":35,"column":124}},"type":"binary-expr","locations":[{"start":{"line":35,"column":100},"end":{"line":35,"column":118}},{"start":{"line":35,"column":122},"end":{"line":35,"column":124}}],"line":35},"8":{"loc":{"start":{"line":36,"column":13},"end":{"line":46,"column":7}},"type":"if","locations":[{"start":{"line":36,"column":13},"end":{"line":46,"column":7}},{"start":{},"end":{}}],"line":36},"9":{"loc":{"start":{"line":36,"column":17},"end":{"line":36,"column":39}},"type":"binary-expr","locations":[{"start":{"line":36,"column":17},"end":{"line":36,"column":27}},{"start":{"line":36,"column":31},"end":{"line":36,"column":39}}],"line":36},"10":{"loc":{"start":{"line":40,"column":8},"end":{"line":44,"column":9}},"type":"if","locations":[{"start":{"line":40,"column":8},"end":{"line":44,"column":9}},{"start":{},"end":{}}],"line":40},"11":{"loc":{"start":{"line":40,"column":12},"end":{"line":40,"column":41}},"type":"binary-expr","locations":[{"start":{"line":40,"column":12},"end":{"line":40,"column":26}},{"start":{"line":40,"column":30},"end":{"line":40,"column":41}}],"line":40},"12":{"loc":{"start":{"line":43,"column":102},"end":{"line":43,"column":126}},"type":"binary-expr","locations":[{"start":{"line":43,"column":102},"end":{"line":43,"column":120}},{"start":{"line":43,"column":124},"end":{"line":43,"column":126}}],"line":43},"13":{"loc":{"start":{"line":61,"column":56},"end":{"line":61,"column":75}},"type":"default-arg","locations":[{"start":{"line":61,"column":73},"end":{"line":61,"column":75}}],"line":61},"14":{"loc":{"start":{"line":62,"column":4},"end":{"line":90,"column":5}},"type":"if","locations":[{"start":{"line":62,"column":4},"end":{"line":90,"column":5}},{"start":{},"end":{}}],"line":62},"15":{"loc":{"start":{"line":84,"column":23},"end":{"line":84,"column":55}},"type":"cond-expr","locations":[{"start":{"line":84,"column":49},"end":{"line":84,"column":50}},{"start":{"line":84,"column":53},"end":{"line":84,"column":55}}],"line":84},"16":{"loc":{"start":{"line":86,"column":6},"end":{"line":89,"column":7}},"type":"if","locations":[{"start":{"line":86,"column":6},"end":{"line":89,"column":7}},{"start":{},"end":{}}],"line":86},"17":{"loc":{"start":{"line":87,"column":45},"end":{"line":87,"column":103}},"type":"binary-expr","locations":[{"start":{"line":87,"column":45},"end":{"line":87,"column":73}},{"start":{"line":87,"column":77},"end":{"line":87,"column":103}}],"line":87},"18":{"loc":{"start":{"line":92,"column":4},"end":{"line":112,"column":5}},"type":"if","locations":[{"start":{"line":92,"column":4},"end":{"line":112,"column":5}},{"start":{},"end":{}}],"line":92},"19":{"loc":{"start":{"line":106,"column":23},"end":{"line":106,"column":55}},"type":"cond-expr","locations":[{"start":{"line":106,"column":49},"end":{"line":106,"column":50}},{"start":{"line":106,"column":53},"end":{"line":106,"column":55}}],"line":106},"20":{"loc":{"start":{"line":108,"column":6},"end":{"line":111,"column":7}},"type":"if","locations":[{"start":{"line":108,"column":6},"end":{"line":111,"column":7}},{"start":{},"end":{}}],"line":108},"21":{"loc":{"start":{"line":109,"column":51},"end":{"line":109,"column":125}},"type":"binary-expr","locations":[{"start":{"line":109,"column":51},"end":{"line":109,"column":87}},{"start":{"line":109,"column":91},"end":{"line":109,"column":125}}],"line":109},"22":{"loc":{"start":{"line":118,"column":0},"end":{"line":118,"column":60}},"type":"if","locations":[{"start":{"line":118,"column":0},"end":{"line":118,"column":60}},{"start":{},"end":{}}],"line":118}},"s":{"0":5,"1":5,"2":5,"3":6,"4":6,"5":6,"6":6,"7":5,"8":5,"9":6,"10":6,"11":48,"12":48,"13":48,"14":4,"15":44,"16":1,"17":43,"18":4,"19":4,"20":4,"21":4,"22":2,"23":2,"24":6,"25":11,"26":9,"27":9,"28":9,"29":18,"30":18,"31":18,"32":18,"33":9,"34":18,"35":18,"36":9,"37":4,"38":7,"39":4,"40":7,"41":6,"42":6,"43":6,"44":8,"45":8,"46":8,"47":8,"48":6,"49":8,"50":8,"51":6,"52":2,"53":2,"54":2,"55":5,"56":5,"57":5},"f":{"0":5,"1":6,"2":11,"3":18,"4":18,"5":18,"6":7,"7":8,"8":8,"9":8,"10":2},"b":{"0":[0,5],"1":[0,5],"2":[5,1],"3":[4,44],"4":[48,8],"5":[1,43],"6":[44,40],"7":[1,0],"8":[4,39],"9":[43,4],"10":[2,2],"11":[4,3],"12":[2,0],"13":[9],"14":[9,2],"15":[7,11],"16":[4,5],"17":[7,2],"18":[6,1],"19":[2,6],"20":[2,4],"21":[2,0],"22":[5,0]},"_coverageSchema":"1a1c01bbd47fc00a2c39e90264f33305004495a9","hash":"7bf80a5497becf13f037a321b2515cd19687074b"}
,"/Users/seankao/Workplace/Projects/ffxiv-universalis-alert/src/worldmap.js": {"path":"/Users/seankao/Workplace/Projects/ffxiv-universalis-alert/src/worldmap.js","statementMap":{"0":{"start":{"line":1,"column":17},"end":{"line":18,"column":4}},"1":{"start":{"line":2,"column":17},"end":{"line":11,"column":3}},"2":{"start":{"line":14,"column":4},"end":{"line":14,"column":54}},"3":{"start":{"line":14,"column":28},"end":{"line":14,"column":44}},"4":{"start":{"line":17,"column":2},"end":{"line":17,"column":31}},"5":{"start":{"line":20,"column":0},"end":{"line":20,"column":61}},"6":{"start":{"line":20,"column":35},"end":{"line":20,"column":61}}},"fnMap":{"0":{"name":"(anonymous_0)","decl":{"start":{"line":1,"column":18},"end":{"line":1,"column":19}},"loc":{"start":{"line":1,"column":24},"end":{"line":18,"column":1}},"line":1},"1":{"name":"worldById","decl":{"start":{"line":13,"column":11},"end":{"line":13,"column":20}},"loc":{"start":{"line":13,"column":25},"end":{"line":15,"column":3}},"line":13},"2":{"name":"(anonymous_2)","decl":{"start":{"line":14,"column":23},"end":{"line":14,"column":24}},"loc":{"start":{"line":14,"column":28},"end":{"line":14,"column":44}},"line":14}},"branchMap":{"0":{"loc":{"start":{"line":14,"column":11},"end":{"line":14,"column":53}},"type":"binary-expr","locations":[{"start":{"line":14,"column":11},"end":{"line":14,"column":45}},{"start":{"line":14,"column":49},"end":{"line":14,"column":53}}],"line":14},"1":{"loc":{"start":{"line":20,"column":0},"end":{"line":20,"column":61}},"type":"if","locations":[{"start":{"line":20,"column":0},"end":{"line":20,"column":61}},{"start":{},"end":{}}],"line":20}},"s":{"0":6,"1":6,"2":34,"3":117,"4":6,"5":6,"6":6},"f":{"0":6,"1":34,"2":117},"b":{"0":[34,1],"1":[6,0]},"_coverageSchema":"1a1c01bbd47fc00a2c39e90264f33305004495a9","hash":"a56f0116c987cb311ad010c352795b2654439332"}
}
