TN:
SF:src/alerts-page.js
FN:1,(anonymous_0)
FN:8,_API
FN:9,_Modal
FN:10,_Grouping
FN:11,_SaveOps
FN:12,_WorldMap
FN:14,scrapeItemNames
FN:16,(anonymous_7)
FN:24,formatRule
FN:33,renderAlertsPanel
FN:40,(anonymous_10)
FN:41,(anonymous_11)
FN:48,(anonymous_12)
FN:50,(anonymous_13)
FN:78,(anonymous_14)
FN:88,(anonymous_15)
FN:103,(anonymous_16)
FN:115,(anonymous_17)
FN:117,(anonymous_18)
FN:118,(anonymous_19)
FN:123,(anonymous_20)
FN:131,(anonymous_21)
FN:134,(anonymous_22)
FN:136,(anonymous_23)
FN:137,(anonymous_24)
FN:141,(anonymous_25)
FN:147,(anonymous_26)
FN:158,deleteGroup
FN:161,(anonymous_28)
FN:170,(anonymous_29)
FN:175,init
FN:180,run
FN:184,(anonymous_32)
FN:194,(anonymous_33)
FN:210,(anonymous_34)
FN:225,handleInitError
FNF:36
FNH:35
FNDA:1,(anonymous_0)
FNDA:21,_API
FNDA:1,_Modal
FNDA:20,_Grouping
FNDA:2,_SaveOps
FNDA:24,_WorldMap
FNDA:6,scrapeItemNames
FNDA:6,(anonymous_7)
FNDA:14,formatRule
FNDA:16,renderAlertsPanel
FNDA:14,(anonymous_10)
FNDA:20,(anonymous_11)
FNDA:14,(anonymous_12)
FNDA:20,(anonymous_13)
FNDA:5,(anonymous_14)
FNDA:5,(anonymous_15)
FNDA:2,(anonymous_16)
FNDA:1,(anonymous_17)
FNDA:1,(anonymous_18)
FNDA:1,(anonymous_19)
FNDA:1,(anonymous_20)
FNDA:1,(anonymous_21)
FNDA:2,(anonymous_22)
FNDA:1,(anonymous_23)
FNDA:2,(anonymous_24)
FNDA:1,(anonymous_25)
FNDA:1,(anonymous_26)
FNDA:6,deleteGroup
FNDA:14,(anonymous_28)
FNDA:12,(anonymous_29)
FNDA:3,init
FNDA:3,run
FNDA:3,(anonymous_32)
FNDA:2,(anonymous_33)
FNDA:0,(anonymous_34)
FNDA:2,handleInitError
DA:1,1
DA:2,1
DA:3,1
DA:4,1
DA:5,1
DA:6,1
DA:8,21
DA:9,1
DA:10,20
DA:11,2
DA:12,24
DA:15,6
DA:16,6
DA:17,6
DA:18,6
DA:19,6
DA:21,6
DA:25,14
DA:26,14
DA:27,14
DA:28,14
DA:29,14
DA:30,14
DA:35,16
DA:36,16
DA:38,16
DA:40,16
DA:41,20
DA:44,16
DA:45,16
DA:46,16
DA:48,16
DA:49,14
DA:50,20
DA:51,14
DA:63,16
DA:78,16
DA:79,5
DA:80,5
DA:81,5
DA:82,5
DA:84,5
DA:85,3
DA:86,3
DA:87,3
DA:88,3
DA:89,5
DA:90,5
DA:92,2
DA:93,1
DA:96,1
DA:97,1
DA:98,1
DA:99,1
DA:101,1
DA:102,1
DA:103,2
DA:106,2
DA:109,2
DA:110,2
DA:112,1
DA:113,1
DA:115,1
DA:116,1
DA:117,1
DA:118,1
DA:121,1
DA:122,1
DA:123,1
DA:124,1
DA:126,1
DA:132,1
DA:133,1
DA:134,2
DA:135,1
DA:136,1
DA:137,2
DA:139,1
DA:140,1
DA:141,1
DA:142,1
DA:143,1
DA:145,1
DA:146,1
DA:147,1
DA:148,1
DA:155,16
DA:159,6
DA:160,6
DA:161,6
DA:162,14
DA:163,14
DA:165,12
DA:166,12
DA:169,5
DA:170,12
DA:172,5
DA:177,3
DA:178,3
DA:181,3
DA:184,3
DA:185,3
DA:189,3
DA:190,3
DA:192,1
DA:194,2
DA:195,1
DA:198,2
DA:201,3
DA:202,3
DA:203,3
DA:207,0
DA:208,0
DA:210,0
DA:211,0
DA:212,0
DA:213,0
DA:215,0
DA:217,0
DA:218,0
DA:221,0
DA:226,2
DA:227,2
DA:228,2
DA:229,2
DA:230,2
DA:233,1
DA:236,1
LF:128
LH:118
BRDA:2,0,0,1
BRDA:2,0,1,0
BRDA:3,1,0,1
BRDA:3,1,1,0
BRDA:4,2,0,1
BRDA:4,2,1,0
BRDA:5,3,0,1
BRDA:5,3,1,0
BRDA:6,4,0,1
BRDA:6,4,1,0
BRDA:8,5,0,21
BRDA:8,5,1,0
BRDA:9,6,0,1
BRDA:9,6,1,0
BRDA:10,7,0,20
BRDA:10,7,1,0
BRDA:11,8,0,2
BRDA:11,8,1,0
BRDA:12,9,0,24
BRDA:12,9,1,0
BRDA:19,10,0,6
BRDA:19,10,1,0
BRDA:25,11,0,13
BRDA:25,11,1,1
BRDA:29,12,0,14
BRDA:29,12,1,0
BRDA:29,13,0,14
BRDA:29,13,1,0
BRDA:30,14,0,1
BRDA:30,14,1,13
BRDA:36,15,0,2
BRDA:36,15,1,14
BRDA:41,16,0,20
BRDA:41,16,1,0
BRDA:49,17,0,13
BRDA:49,17,1,1
BRDA:50,18,0,20
BRDA:50,18,1,0
BRDA:82,19,0,0
BRDA:82,19,1,5
BRDA:84,20,0,3
BRDA:84,20,1,2
BRDA:92,21,0,1
BRDA:92,21,1,1
BRDA:103,22,0,2
BRDA:103,22,1,0
BRDA:106,23,0,2
BRDA:106,23,1,0
BRDA:118,24,0,1
BRDA:118,24,1,0
BRDA:123,25,0,1
BRDA:123,25,1,0
BRDA:124,26,0,1
BRDA:124,26,1,0
BRDA:137,27,0,2
BRDA:137,27,1,0
BRDA:141,28,0,1
BRDA:141,28,1,0
BRDA:147,29,0,0
BRDA:147,29,1,1
BRDA:170,30,0,3
BRDA:170,30,1,9
BRDA:178,31,0,0
BRDA:178,31,1,3
BRDA:185,32,0,3
BRDA:185,32,1,0
BRDA:185,33,0,3
BRDA:185,33,1,3
BRDA:201,34,0,3
BRDA:201,34,1,0
BRDA:211,35,0,0
BRDA:211,35,1,0
BRDA:212,36,0,0
BRDA:212,36,1,0
BRDA:236,37,0,1
BRDA:236,37,1,0
BRF:76
BRH:44
end_of_record
TN:
SF:src/api.js
FN:1,(anonymous_0)
FN:5,getAlerts
FN:11,createAlert
FN:21,deleteAlert
FNF:4
FNH:4
FNDA:6,(anonymous_0)
FNDA:2,getAlerts
FNDA:2,createAlert
FNDA:2,deleteAlert
DA:1,6
DA:2,6
DA:3,6
DA:6,2
DA:7,2
DA:8,1
DA:12,2
DA:17,2
DA:18,1
DA:22,2
DA:23,2
DA:26,6
DA:29,6
LF:13
LH:13
BRDA:2,0,0,0
BRDA:2,0,1,6
BRDA:7,1,0,1
BRDA:7,1,1,1
BRDA:17,2,0,1
BRDA:17,2,1,1
BRDA:23,3,0,1
BRDA:23,3,1,1
BRDA:29,4,0,6
BRDA:29,4,1,0
BRF:10
BRH:8
end_of_record
TN:
SF:src/grouping.js
FN:1,(anonymous_0)
FN:4,normalizeTrigger
FN:16,groupAlerts
FNF:3
FNH:3
FNDA:6,(anonymous_0)
FNDA:63,normalizeTrigger
FNDA:35,groupAlerts
DA:1,6
DA:2,6
DA:5,63
DA:6,63
DA:7,63
DA:9,61
DA:10,61
DA:11,244
DA:13,61
DA:17,35
DA:19,35
DA:20,43
DA:22,43
DA:26,43
DA:27,32
DA:36,43
DA:43,35
DA:46,6
DA:49,6
LF:19
LH:19
BRDA:7,0,0,2
BRDA:7,0,1,61
BRDA:22,1,0,42
BRDA:22,1,1,1
BRDA:26,2,0,32
BRDA:26,2,1,11
BRDA:30,3,0,32
BRDA:30,3,1,0
BRDA:49,4,0,6
BRDA:49,4,1,0
BRF:10
BRH:8
end_of_record
TN:
SF:src/init.js
FN:1,(anonymous_0)
FN:2,route
FN:12,setupNavigationObserver
FN:15,(anonymous_3)
FN:25,main
FNF:5
FNH:5
FNDA:11,(anonymous_0)
FNDA:39,route
FNDA:11,setupNavigationObserver
FNDA:76,(anonymous_3)
FNDA:11,main
DA:1,11
DA:3,39
DA:4,13
DA:5,12
DA:7,26
DA:8,2
DA:13,11
DA:15,11
DA:16,76
DA:17,76
DA:18,26
DA:19,26
DA:22,11
DA:26,11
DA:27,11
DA:30,11
DA:32,11
DA:35,11
LF:18
LH:18
BRDA:3,0,0,13
BRDA:3,0,1,26
BRDA:4,1,0,12
BRDA:4,1,1,1
BRDA:7,2,0,2
BRDA:7,2,1,24
BRDA:17,3,0,50
BRDA:17,3,1,26
BRDA:35,4,0,11
BRDA:35,4,1,0
BRF:10
BRH:9
end_of_record
TN:
SF:src/market-page.js
FN:1,(anonymous_0)
FN:7,_API
FN:8,_Modal
FN:9,_Grouping
FN:10,_WorldMap
FN:12,findButtonBar
FN:16,readItemName
FN:21,injectMarketButton
FN:29,(anonymous_8)
FN:39,handleAlertButtonClick
FN:54,(anonymous_10)
FN:56,(anonymous_11)
FN:57,(anonymous_12)
FN:63,init
FN:64,attempt
FN:76,(anonymous_15)
FNF:16
FNH:16
FNDA:1,(anonymous_0)
FNDA:10,_API
FNDA:7,_Modal
FNDA:7,_Grouping
FNDA:5,_WorldMap
FNDA:14,findButtonBar
FNDA:2,readItemName
FNDA:10,injectMarketButton
FNDA:2,(anonymous_8)
FNDA:10,handleAlertButtonClick
FNDA:6,(anonymous_10)
FNDA:5,(anonymous_11)
FNDA:5,(anonymous_12)
FNDA:4,init
FNDA:6,attempt
FNDA:2,(anonymous_15)
DA:1,1
DA:2,1
DA:3,1
DA:4,1
DA:5,1
DA:7,10
DA:8,7
DA:9,7
DA:10,5
DA:13,14
DA:17,2
DA:18,2
DA:22,10
DA:24,8
DA:25,8
DA:26,8
DA:27,8
DA:29,8
DA:31,8
DA:32,8
DA:33,7
DA:35,1
DA:41,10
DA:42,10
DA:45,3
DA:46,3
DA:47,3
DA:48,3
DA:49,3
DA:50,3
DA:51,3
DA:54,7
DA:55,7
DA:56,7
DA:57,5
DA:60,7
DA:65,6
DA:66,4
DA:67,4
DA:68,3
DA:69,3
DA:70,3
DA:73,4
DA:76,2
DA:77,2
DA:79,2
DA:82,1
DA:85,1
LF:48
LH:48
BRDA:2,0,0,1
BRDA:2,0,1,0
BRDA:3,1,0,1
BRDA:3,1,1,0
BRDA:4,2,0,1
BRDA:4,2,1,0
BRDA:5,3,0,1
BRDA:5,3,1,0
BRDA:7,4,0,10
BRDA:7,4,1,0
BRDA:8,5,0,7
BRDA:8,5,1,0
BRDA:9,6,0,7
BRDA:9,6,1,0
BRDA:10,7,0,5
BRDA:10,7,1,0
BRDA:18,8,0,1
BRDA:18,8,1,1
BRDA:22,9,0,2
BRDA:22,9,1,8
BRDA:32,10,0,7
BRDA:32,10,1,1
BRDA:45,11,0,3
BRDA:45,11,1,2
BRDA:50,12,0,3
BRDA:50,12,1,0
BRDA:57,13,0,5
BRDA:57,13,1,0
BRDA:65,14,0,2
BRDA:65,14,1,4
BRDA:67,15,0,1
BRDA:67,15,1,3
BRDA:69,16,0,3
BRDA:69,16,1,0
BRDA:73,17,0,2
BRDA:73,17,1,2
BRDA:77,18,0,2
BRDA:77,18,1,0
BRDA:85,19,0,1
BRDA:85,19,1,0
BRF:40
BRH:27
end_of_record
TN:
SF:src/modal.js
FN:1,(anonymous_0)
FN:8,_API
FN:9,_Grouping
FN:10,_SaveOps
FN:17,buildTriggerFromForm
FN:31,formatRule
FN:40,renderFormView
FN:41,(anonymous_7)
FN:53,(anonymous_8)
FN:88,(anonymous_9)
FN:91,(anonymous_10)
FN:94,(anonymous_11)
FN:128,(anonymous_12)
FN:132,(anonymous_13)
FN:133,(anonymous_14)
FN:135,(anonymous_15)
FN:136,(anonymous_16)
FN:141,(anonymous_17)
FN:147,(anonymous_18)
FN:155,(anonymous_19)
FN:162,(anonymous_20)
FN:185,renderListView
FN:186,(anonymous_22)
FN:187,(anonymous_23)
FN:221,(anonymous_24)
FN:235,openBulkModal
FN:248,(anonymous_26)
FN:253,(anonymous_27)
FN:257,showListView
FN:261,(anonymous_29)
FN:262,(anonymous_30)
FN:263,(anonymous_31)
FN:268,(anonymous_32)
FN:269,(anonymous_33)
FN:273,showFormView
FN:275,(anonymous_35)
FN:277,(anonymous_36)
FN:280,(anonymous_37)
FN:282,(anonymous_38)
FN:283,(anonymous_39)
FN:290,(anonymous_40)
FN:298,(anonymous_41)
FN:300,(anonymous_42)
FN:301,(anonymous_43)
FN:317,openModal
FN:329,(anonymous_45)
FN:336,(anonymous_46)
FN:340,(anonymous_47)
FN:348,closeModal
FN:358,handleListDelete
FN:365,(anonymous_50)
FN:376,(anonymous_51)
FN:395,(anonymous_52)
FNF:53
FNH:52
FNDA:4,(anonymous_0)
FNDA:12,_API
FNDA:3,_Grouping
FNDA:2,_SaveOps
FNDA:8,buildTriggerFromForm
FNDA:37,formatRule
FNDA:46,renderFormView
FNDA:10,(anonymous_7)
FNDA:368,(anonymous_8)
FNDA:138,(anonymous_9)
FNDA:138,(anonymous_10)
FNDA:92,(anonymous_11)
FNDA:2,(anonymous_12)
FNDA:1,(anonymous_13)
FNDA:8,(anonymous_14)
FNDA:3,(anonymous_15)
FNDA:24,(anonymous_16)
FNDA:5,(anonymous_17)
FNDA:8,(anonymous_18)
FNDA:57,(anonymous_19)
FNDA:4,(anonymous_20)
FNDA:34,renderListView
FNDA:34,(anonymous_22)
FNDA:47,(anonymous_23)
FNDA:27,(anonymous_24)
FNDA:12,openBulkModal
FNDA:5,(anonymous_26)
FNDA:19,(anonymous_27)
FNDA:17,showListView
FNDA:1,(anonymous_29)
FNDA:3,(anonymous_30)
FNDA:3,(anonymous_31)
FNDA:7,(anonymous_32)
FNDA:1,(anonymous_33)
FNDA:12,showFormView
FNDA:5,(anonymous_35)
FNDA:1,(anonymous_36)
FNDA:2,(anonymous_37)
FNDA:1,(anonymous_38)
FNDA:2,(anonymous_39)
FNDA:0,(anonymous_40)
FNDA:2,(anonymous_41)
FNDA:1,(anonymous_42)
FNDA:2,(anonymous_43)
FNDA:34,openModal
FNDA:25,(anonymous_45)
FNDA:13,(anonymous_46)
FNDA:7,(anonymous_47)
FNDA:54,closeModal
FNDA:8,handleListDelete
FNDA:10,(anonymous_50)
FNDA:9,(anonymous_51)
FNDA:2,(anonymous_52)
DA:1,4
DA:2,4
DA:4,4
DA:5,4
DA:6,4
DA:8,12
DA:9,3
DA:10,2
DA:12,4
DA:13,4
DA:14,4
DA:15,4
DA:18,8
DA:19,8
DA:20,8
DA:21,8
DA:22,8
DA:23,8
DA:32,37
DA:33,37
DA:34,37
DA:35,37
DA:36,37
DA:37,37
DA:41,46
DA:42,46
DA:43,46
DA:44,46
DA:45,46
DA:48,46
DA:49,46
DA:50,46
DA:52,46
DA:53,46
DA:54,368
DA:55,368
DA:62,46
DA:67,46
DA:71,46
DA:88,138
DA:91,138
DA:94,92
DA:121,46
DA:122,46
DA:123,46
DA:124,46
DA:125,46
DA:128,46
DA:129,2
DA:132,46
DA:133,8
DA:135,46
DA:136,24
DA:138,46
DA:140,46
DA:141,8
DA:142,5
DA:143,5
DA:147,46
DA:148,8
DA:149,8
DA:150,8
DA:151,8
DA:153,8
DA:154,8
DA:155,57
DA:157,8
DA:158,8
DA:160,8
DA:162,8
DA:163,4
DA:164,4
DA:165,2
DA:166,2
DA:167,1
DA:169,1
DA:173,8
DA:174,8
DA:176,1
DA:177,1
DA:178,1
DA:179,1
DA:180,1
DA:186,34
DA:187,34
DA:188,47
DA:190,34
DA:205,34
DA:218,34
DA:219,9
DA:221,34
DA:222,27
DA:223,27
DA:224,26
DA:225,18
DA:226,18
DA:227,18
DA:228,12
DA:229,12
DA:231,34
DA:232,34
DA:236,12
DA:238,12
DA:239,12
DA:240,12
DA:242,12
DA:243,12
DA:244,12
DA:245,12
DA:248,12
DA:249,12
DA:250,12
DA:253,19
DA:258,17
DA:259,17
DA:261,1
DA:263,3
DA:265,3
DA:268,7
DA:269,1
DA:274,12
DA:275,12
DA:277,12
DA:278,1
DA:279,1
DA:280,2
DA:281,1
DA:282,1
DA:283,2
DA:287,1
DA:288,1
DA:289,1
DA:290,0
DA:293,1
DA:294,1
DA:297,1
DA:298,2
DA:299,1
DA:300,1
DA:301,2
DA:303,1
DA:306,12
DA:310,12
DA:311,1
DA:313,11
DA:318,34
DA:319,34
DA:320,34
DA:322,34
DA:323,34
DA:324,34
DA:326,34
DA:329,34
DA:330,25
DA:332,34
DA:333,34
DA:336,34
DA:337,13
DA:340,34
DA:341,7
DA:342,6
DA:345,34
DA:349,54
DA:350,54
DA:351,14
DA:352,14
DA:354,14
DA:359,8
DA:360,8
DA:361,8
DA:362,8
DA:363,8
DA:365,8
DA:366,10
DA:367,10
DA:369,9
DA:370,9
DA:371,9
DA:375,7
DA:376,9
DA:379,7
DA:380,5
DA:381,5
DA:383,5
DA:384,5
DA:387,2
DA:388,2
DA:389,2
DA:390,2
DA:392,2
DA:393,2
DA:394,2
DA:395,2
DA:400,4
DA:403,4
LF:195
LH:194
BRDA:2,0,0,0
BRDA:2,0,1,4
BRDA:4,1,0,4
BRDA:4,1,1,0
BRDA:5,2,0,4
BRDA:5,2,1,0
BRDA:6,3,0,4
BRDA:6,3,1,0
BRDA:8,4,0,12
BRDA:8,4,1,0
BRDA:9,5,0,3
BRDA:9,5,1,0
BRDA:10,6,0,2
BRDA:10,6,1,0
BRDA:24,7,0,1
BRDA:24,7,1,7
BRDA:32,8,0,36
BRDA:32,8,1,1
BRDA:36,9,0,37
BRDA:36,9,1,0
BRDA:36,10,0,37
BRDA:36,10,1,0
BRDA:37,11,0,1
BRDA:37,11,1,36
BRDA:41,12,0,46
BRDA:41,12,1,36
BRDA:42,13,0,46
BRDA:42,13,1,36
BRDA:48,14,0,46
BRDA:48,14,1,36
BRDA:49,15,0,46
BRDA:49,15,1,33
BRDA:50,16,0,46
BRDA:50,16,1,36
BRDA:54,17,0,368
BRDA:54,17,1,80
BRDA:56,18,0,298
BRDA:56,18,1,70
BRDA:57,19,0,298
BRDA:57,19,1,70
BRDA:62,20,0,1
BRDA:62,20,1,45
BRDA:67,21,0,8
BRDA:67,21,1,38
BRDA:78,22,0,46
BRDA:78,22,1,36
BRDA:88,23,0,46
BRDA:88,23,1,92
BRDA:91,24,0,46
BRDA:91,24,1,92
BRDA:94,25,0,46
BRDA:94,25,1,46
BRDA:94,26,0,46
BRDA:94,26,1,46
BRDA:101,27,0,5
BRDA:101,27,1,41
BRDA:117,28,0,22
BRDA:117,28,1,24
BRDA:140,29,0,8
BRDA:140,29,1,38
BRDA:164,30,0,2
BRDA:164,30,1,2
BRDA:166,31,0,1
BRDA:166,31,1,1
BRDA:188,32,0,47
BRDA:188,32,1,0
BRDA:218,33,0,9
BRDA:218,33,1,25
BRDA:223,34,0,1
BRDA:223,34,1,26
BRDA:224,35,0,8
BRDA:224,35,1,18
BRDA:227,36,0,6
BRDA:227,36,1,12
BRDA:228,37,0,2
BRDA:228,37,1,10
BRDA:229,38,0,10
BRDA:229,38,1,2
BRDA:248,39,0,5
BRDA:248,39,1,0
BRDA:253,40,0,1
BRDA:253,40,1,18
BRDA:275,41,0,8
BRDA:275,41,1,4
BRDA:283,42,0,2
BRDA:283,42,1,0
BRDA:288,43,0,0
BRDA:288,43,1,1
BRDA:289,44,0,0
BRDA:289,44,1,1
BRDA:290,45,0,0
BRDA:290,45,1,0
BRDA:301,46,0,2
BRDA:301,46,1,0
BRDA:310,47,0,1
BRDA:310,47,1,11
BRDA:317,48,0,32
BRDA:330,49,0,25
BRDA:330,49,1,0
BRDA:337,50,0,1
BRDA:337,50,1,12
BRDA:350,51,0,14
BRDA:350,51,1,40
BRDA:351,52,0,14
BRDA:351,52,1,0
BRDA:376,53,0,2
BRDA:376,53,1,7
BRDA:379,54,0,5
BRDA:379,54,1,2
BRDA:381,55,0,5
BRDA:381,55,1,0
BRDA:383,56,0,5
BRDA:383,56,1,0
BRDA:395,57,0,2
BRDA:395,57,1,0
BRDA:403,58,0,4
BRDA:403,58,1,0
BRF:117
BRH:94
end_of_record
TN:
SF:src/rate-limit.js
FN:1,(anonymous_0)
FN:13,rateLimitedFetch
FN:14,(anonymous_2)
FN:36,(anonymous_3)
FN:40,(anonymous_4)
FN:44,parseRetryAfter
FN:51,sleep
FN:52,(anonymous_7)
FN:56,_reset
FNF:9
FNH:8
FNDA:7,(anonymous_0)
FNDA:17,rateLimitedFetch
FNDA:17,(anonymous_2)
FNDA:0,(anonymous_3)
FNDA:1,(anonymous_4)
FNDA:5,parseRetryAfter
FNDA:7,sleep
FNDA:7,(anonymous_7)
FNDA:14,_reset
DA:1,7
DA:2,7
DA:3,7
DA:4,7
DA:6,7
DA:7,7
DA:14,17
DA:15,17
DA:16,17
DA:17,17
DA:18,2
DA:21,17
DA:22,22
DA:23,21
DA:25,21
DA:27,6
DA:28,5
DA:29,5
DA:30,5
DA:35,1
DA:36,1
DA:40,17
DA:41,17
DA:45,5
DA:46,5
DA:47,2
DA:48,2
DA:52,7
DA:57,14
DA:58,14
DA:61,7
DA:64,7
LF:32
LH:32
BRDA:17,0,0,2
BRDA:17,0,1,15
BRDA:25,1,0,15
BRDA:25,1,1,6
BRDA:27,2,0,5
BRDA:27,2,1,1
BRDA:29,3,0,5
BRDA:29,3,1,4
BRDA:45,4,0,5
BRDA:45,4,1,5
BRDA:45,4,2,5
BRDA:46,5,0,3
BRDA:46,5,1,2
BRDA:48,6,0,0
BRDA:48,6,1,2
BRDA:64,7,0,7
BRDA:64,7,1,0
BRF:17
BRH:15
end_of_record
TN:
SF:src/save-ops.js
FN:1,(anonymous_0)
FN:13,computeSaveOps
FN:61,executeSaveOps
FN:66,(anonymous_3)
FN:84,(anonymous_4)
FN:85,(anonymous_5)
FN:87,(anonymous_6)
FN:96,(anonymous_7)
FN:106,(anonymous_8)
FN:107,(anonymous_9)
FN:109,(anonymous_10)
FNF:11
FNH:11
FNDA:5,(anonymous_0)
FNDA:6,computeSaveOps
FNDA:11,executeSaveOps
FNDA:18,(anonymous_3)
FNDA:18,(anonymous_4)
FNDA:18,(anonymous_5)
FNDA:7,(anonymous_6)
FNDA:8,(anonymous_7)
FNDA:8,(anonymous_8)
FNDA:8,(anonymous_9)
FNDA:2,(anonymous_10)
DA:1,5
DA:4,5
DA:5,5
DA:14,6
DA:15,6
DA:17,6
DA:18,6
DA:19,5
DA:20,5
DA:24,6
DA:26,6
DA:27,48
DA:28,48
DA:30,48
DA:32,4
DA:33,44
DA:35,1
DA:36,43
DA:37,4
DA:38,4
DA:39,4
DA:40,4
DA:42,2
DA:43,2
DA:49,6
DA:62,11
DA:63,9
DA:64,9
DA:65,9
DA:67,18
DA:68,18
DA:77,18
DA:78,18
DA:83,9
DA:84,18
DA:85,18
DA:86,9
DA:87,7
DA:88,4
DA:92,7
DA:93,6
DA:94,6
DA:95,6
DA:97,8
DA:98,8
DA:100,8
DA:101,8
DA:105,6
DA:106,8
DA:107,8
DA:108,6
DA:109,2
DA:110,2
DA:115,5
DA:118,5
LF:55
LH:55
BRDA:4,0,0,0
BRDA:4,0,1,5
BRDA:5,1,0,0
BRDA:5,1,1,5
BRDA:18,2,0,5
BRDA:18,2,1,1
BRDA:30,3,0,4
BRDA:30,3,1,44
BRDA:30,4,0,48
BRDA:30,4,1,8
BRDA:33,5,0,1
BRDA:33,5,1,43
BRDA:33,6,0,44
BRDA:33,6,1,40
BRDA:35,7,0,1
BRDA:35,7,1,0
BRDA:36,8,0,4
BRDA:36,8,1,39
BRDA:36,9,0,43
BRDA:36,9,1,4
BRDA:40,10,0,2
BRDA:40,10,1,2
BRDA:40,11,0,4
BRDA:40,11,1,3
BRDA:43,12,0,2
BRDA:43,12,1,0
BRDA:61,13,0,9
BRDA:62,14,0,9
BRDA:62,14,1,2
BRDA:84,15,0,7
BRDA:84,15,1,11
BRDA:86,16,0,4
BRDA:86,16,1,5
BRDA:87,17,0,7
BRDA:87,17,1,2
BRDA:92,18,0,6
BRDA:92,18,1,1
BRDA:106,19,0,2
BRDA:106,19,1,6
BRDA:108,20,0,2
BRDA:108,20,1,4
BRDA:109,21,0,2
BRDA:109,21,1,0
BRDA:118,22,0,5
BRDA:118,22,1,0
BRF:45
BRH:39
end_of_record
TN:
SF:src/worldmap.js
FN:1,(anonymous_0)
FN:13,worldById
FN:14,(anonymous_2)
FNF:3
FNH:3
FNDA:6,(anonymous_0)
FNDA:34,worldById
FNDA:117,(anonymous_2)
DA:1,6
DA:2,6
DA:14,117
DA:17,6
DA:20,6
LF:5
LH:5
BRDA:14,0,0,34
BRDA:14,0,1,1
BRDA:20,1,0,6
BRDA:20,1,1,0
BRF:4
BRH:3
end_of_record
